10:02:38 | INFO     | ✅ 日志系统已配置
10:02:38 | INFO     |    - 日志级别: INFO
10:02:38 | INFO     |    - 日志文件: logs\buff_monitor_20250613.log
10:02:38 | INFO     |    - 错误日志: logs\buff_monitor_error_20250613.log
10:02:38 | INFO     |    - 控制台输出: 启用
10:02:38 | INFO     | 🚀 系统启动 - 日志配置已启用
10:02:38 | INFO     | 📁 日志文件将保存到: D:\PycharmProjects\uu\logs 目录
10:02:38 | INFO     | 🎯 启动Buff价差监控系统
10:02:38 | INFO     | 🔄 启动更新管理器...
10:02:53 | INFO     | Token配置已加载: tokens_config.json
10:02:53 | INFO     | HashName缓存已加载（旧格式转换）: 583个
10:02:53 | INFO     | 🚀 启动更新管理器
10:02:53 | INFO     | 🔍 发现full data文件，开始重新生成hash name缓存...
10:02:57 | INFO     | 📂 加载数据: Buff 24572个商品, 悠悠有品 24186个商品
10:02:57 | INFO     | 📈 建立映射表: Hash映射22582个, 名称映射22579个
10:02:57 | INFO     | 🔥 开始第一步筛选：价格区间 0.0-1000.0元
10:02:58 | INFO     |    第一步完成：3794个商品被价格筛选过滤，剩余20695个
10:02:58 | INFO     | 🔥 开始第二步筛选：在售数量 ≥200个
10:02:58 | INFO     |    第二步完成：16194个商品被在售数量筛选过滤，剩余4501个
10:02:58 | INFO     | 🚀 性能优化：预建规范化映射表...
10:02:58 | INFO     | ✅ 映射表建立完成：22582个规范化键
10:02:58 | INFO     | 🔥 开始匹配阶段：处理4501个通过筛选的商品
10:02:58 | INFO     |    匹配进度: 1000/4501 (76926个/秒)
10:02:58 | INFO     |    匹配进度: 2000/4501 (60608个/秒)
10:02:58 | INFO     |    匹配进度: 3000/4501 (57693个/秒)
10:02:58 | INFO     |    匹配进度: 4000/4501 (66668个/秒)
10:02:58 | INFO     | ✅ 匹配阶段完成：耗时 0.06秒，处理速度 70330个/秒
10:02:58 | INFO     | 📊 筛选统计:
10:02:58 | INFO     |    处理商品: 24572个
10:02:58 | INFO     |    🔥 第一步-价格筛选: 过滤3794个 → 剩余20695个
10:02:58 | INFO     |    🔥 第二步-在售数量筛选: 过滤16194个 → 剩余4501个
10:02:58 | INFO     |    找到匹配: 3871个 (匹配率:86.0%)
10:02:58 | INFO     |    🎯 匹配类型分布:
10:02:58 | INFO     |       精确匹配: 3871个
10:02:58 | INFO     |       规范化匹配: 0个
10:02:58 | INFO     |       武器名称匹配: 0个
10:02:58 | INFO     |       模糊匹配: 0个
10:02:58 | INFO     |       未匹配: 630个
10:02:58 | INFO     |    符合价差条件: 622个
10:02:58 | INFO     | 🎯 分析完成: 发现 622 个有价差的商品
10:02:58 | INFO     | HashName缓存已保存: 568个（含利润率和价差信息）
10:02:58 | INFO     | HashName缓存已更新: 568个关键词
10:02:58 | INFO     |    📈 利润率范围: 3.13% ~ 43043.48%
10:02:58 | INFO     |    💰 价差范围: ¥0.10 ~ ¥17.00
10:02:58 | INFO     |    📊 平均利润率: 904.89%
10:02:58 | INFO     |    📊 平均价差: ¥0.84
10:02:58 | INFO     | ✅ HashName缓存已从full data文件重新生成
10:02:58 | INFO     | ✅ 从full data文件重新生成缓存成功
10:02:58 | INFO     | ✅ 开始全量更新定时循环
10:02:58 | INFO     | 🔄 开始增量更新
10:02:58 | INFO     | 🎯 启动完成，定时循环将处理更新任务
10:02:58 | INFO     | 🚀 启动分析: incremental_update (ID: incremental_update_1749780178)
10:02:58 | INFO     | ✅ 更新管理器已启动
10:02:59 | INFO     | 🌐 启动API服务器...
10:02:59 | INFO     | 🎯 增量搜索关键词（利润率前25 + 价差前25）:
10:02:59 | INFO     |    📊 从568个中选择49个
10:02:59 | INFO     |    📈 利润率前25: 25个
10:02:59 | INFO     |    💰 价差前25: 25个
10:02:59 | INFO     |    🔄 去重后总数: 49个
10:02:59 | INFO     |    📈 利润率范围: 3437.50% ~ 43043.48%
10:02:59 | INFO     |    🔝 利润率前5个商品:
10:02:59 | INFO     |       1. Sticker | buster (Glitter) | Antwerp 2022 (43043.48%)
10:02:59 | INFO     |       2. Sticker | zorte (Glitter) | Antwerp 2022 (17142.86%)
10:02:59 | INFO     |       3. Sticker | broky (Glitter) | Antwerp 2022 (10500.00%)
10:02:59 | INFO     |       4. Sticker | Xyp9x (Glitter) | Antwerp 2022 (10416.67%)
10:02:59 | INFO     |       5. Sticker | Twistzz (Glitter) | Antwerp 2022 (10000.00%)
10:02:59 | INFO     |    💰 价差范围: ¥3.38 ~ ¥17.00
10:02:59 | INFO     |    🔝 价差前5个商品:
10:02:59 | INFO     |       1. M4A4 | Royal Paladin (Factory New) (¥17.00)
10:02:59 | INFO     |       2. Glock-18 | Gamma Doppler (Factory New) (¥7.50)
10:02:59 | INFO     |       3. M4A1-S | Golden Coil (Minimal Wear) (¥6.90)
10:02:59 | INFO     |       4. Glock-18 | Gamma Doppler (Minimal Wear) (¥6.50)
10:02:59 | INFO     |       5. Souvenir USP-S | Royal Blue (Field-Tested) (¥5.90)
10:02:59 | INFO     | 🔍 开始增量更新: 搜索 49 个商品的最新价格
10:02:59 | INFO     | Token配置已加载: tokens_config.json
10:02:59 | INFO     | Token配置已加载: tokens_config.json
10:02:59 | INFO     | 🔍 开始搜索关键词: AWP | Asiimov (Field-Tested)
10:03:02 | INFO     | 🔍 开始搜索关键词: Desert Eagle | Printstream (Battle-Scarred)
10:03:02 | INFO     | 悠悠有品搜索全局延迟 0.6秒 (跨平台延迟控制)...
10:03:02 | INFO     | 🔍 开始搜索关键词: Glock-18 | Gamma Doppler (Minimal Wear)
10:03:03 | INFO     | 悠悠有品搜索全局延迟 4.0秒 (跨平台延迟控制)...
10:03:07 | INFO     | Buff搜索全局延迟 5.0秒 (跨平台延迟控制)...
10:03:12 | INFO     | Buff搜索全局延迟 5.0秒 (跨平台延迟控制)...
10:03:14 | INFO     | 🔍 搜索结果 'AWP | Asiimov (Field-Tested)': Buff=¥994.50, 悠悠有品=¥1006.49
10:03:14 | INFO     | 🔍 开始搜索关键词: Souvenir AUG | Colony (Field-Tested)
10:03:17 | INFO     | Buff搜索全局延迟 5.0秒 (跨平台延迟控制)...
10:03:18 | INFO     | 🔍 搜索结果 'Desert Eagle | Printstream (Battle-Scarred)': Buff=¥203.00, 悠悠有品=¥205.99
10:03:18 | INFO     | 🔍 开始搜索关键词: StatTrak™ AK-47 | Blue Laminate (Factory New)
10:03:22 | INFO     | 悠悠有品搜索全局延迟 4.0秒 (跨平台延迟控制)...
10:03:23 | INFO     | 🚀 API服务器启动在 http://localhost:5000
10:03:23 | INFO     | 🔍 搜索结果 'Glock-18 | Gamma Doppler (Minimal Wear)': Buff=¥622.50, 悠悠有品=¥626.99
10:03:23 | WARNING  |  * Running on all addresses.
   WARNING: This is a development server. Do not use it in a production deployment.
10:03:23 | INFO     |  * Running on http://192.168.1.228:5000/ (Press CTRL+C to quit)
10:03:26 | INFO     | 悠悠有品搜索全局延迟 4.0秒 (跨平台延迟控制)...
10:03:30 | INFO     | Buff搜索全局延迟 5.0秒 (跨平台延迟控制)...
10:03:35 | INFO     | Buff搜索全局延迟 5.0秒 (跨平台延迟控制)...
10:03:37 | INFO     | 🔍 搜索结果 'Souvenir AUG | Colony (Field-Tested)': Buff=¥1.74, 悠悠有品=¥2.59
10:03:39 | INFO     | 127.0.0.1 - - [13/Jun/2025 10:03:39] "GET /api/data HTTP/1.1" 200 -
10:03:39 | INFO     | 127.0.0.1 - - [13/Jun/2025 10:03:39] "GET /api/status HTTP/1.1" 200 -
10:03:39 | INFO     | 127.0.0.1 - - [13/Jun/2025 10:03:39] "GET /api/status HTTP/1.1" 200 -
10:03:42 | INFO     | 🔍 搜索结果 'StatTrak™ AK-47 | Blue Laminate (Factory New)': Buff=¥379.98, 悠悠有品=¥378.00
10:03:42 | INFO     | 🔄 增量搜索进度: 5/49
10:03:44 | INFO     | 🔍 开始搜索关键词: StatTrak™ AK-47 | Slate (Factory New)
10:03:44 | INFO     | 🔍 开始搜索关键词: Souvenir AUG | Radiation Hazard (Factory New)
10:03:44 | INFO     | 悠悠有品搜索全局延迟 4.0秒 (跨平台延迟控制)...
10:03:44 | INFO     | 🔍 开始搜索关键词: Souvenir Five-SeveN | Contractor (Minimal Wear)
10:03:45 | INFO     | 127.0.0.1 - - [13/Jun/2025 10:03:45] "GET /api/data HTTP/1.1" 200 -
10:03:48 | INFO     | 悠悠有品搜索全局延迟 4.0秒 (跨平台延迟控制)...
10:03:52 | INFO     | Buff搜索全局延迟 5.0秒 (跨平台延迟控制)...
10:03:54 | INFO     | 127.0.0.1 - - [13/Jun/2025 10:03:54] "GET /api/data HTTP/1.1" 200 -
10:03:54 | INFO     | 127.0.0.1 - - [13/Jun/2025 10:03:54] "GET /api/status HTTP/1.1" 200 -
10:03:54 | INFO     | 127.0.0.1 - - [13/Jun/2025 10:03:54] "GET /api/status HTTP/1.1" 200 -
10:03:55 | INFO     | 127.0.0.1 - - [13/Jun/2025 10:03:55] "GET /api/data HTTP/1.1" 200 -
10:03:57 | INFO     | Buff搜索全局延迟 5.0秒 (跨平台延迟控制)...
10:03:59 | INFO     | 🔍 搜索结果 'StatTrak™ AK-47 | Slate (Factory New)': Buff=¥335.00, 悠悠有品=¥334.70
10:03:59 | INFO     | 🔍 开始搜索关键词: Souvenir MAG-7 | Silver (Factory New)
10:04:02 | INFO     | Buff搜索全局延迟 5.0秒 (跨平台延迟控制)...
10:04:04 | INFO     | 🔍 搜索结果 'Souvenir AUG | Radiation Hazard (Factory New)': Buff=¥30.09, 悠悠有品=¥34.38
10:04:04 | INFO     | 🔍 开始搜索关键词: Sticker | Aleksib | Berlin 2019
10:04:07 | INFO     | 悠悠有品搜索全局延迟 4.0秒 (跨平台延迟控制)...
10:04:09 | INFO     | 🔍 搜索结果 'Souvenir Five-SeveN | Contractor (Minimal Wear)': Buff=¥8.59, 悠悠有品=¥11.99
10:04:11 | INFO     | 悠悠有品搜索全局延迟 4.0秒 (跨平台延迟控制)...
10:04:15 | INFO     | Buff搜索全局延迟 5.0秒 (跨平台延迟控制)...
10:04:20 | INFO     | Buff搜索全局延迟 5.0秒 (跨平台延迟控制)...
10:04:22 | INFO     | 🔍 搜索结果 'Souvenir MAG-7 | Silver (Factory New)': Buff=¥93.31, 悠悠有品=¥96.60
10:04:25 | INFO     | 127.0.0.1 - - [13/Jun/2025 10:04:25] "GET /api/data HTTP/1.1" 200 -
10:04:25 | INFO     | 127.0.0.1 - - [13/Jun/2025 10:04:25] "GET /api/status HTTP/1.1" 200 -
10:04:25 | INFO     | 127.0.0.1 - - [13/Jun/2025 10:04:25] "GET /api/status HTTP/1.1" 200 -
10:04:25 | INFO     | 127.0.0.1 - - [13/Jun/2025 10:04:25] "GET /api/data HTTP/1.1" 200 -
10:04:28 | INFO     | 🔍 搜索结果 'Sticker | Aleksib | Berlin 2019': Buff=¥0.78, 悠悠有品=¥1.03
10:04:28 | INFO     | 🔄 增量搜索进度: 10/49
10:04:30 | INFO     | 🔍 开始搜索关键词: StatTrak™ SSG 08 | Abyss (Factory New)
10:04:30 | INFO     | 🔍 开始搜索关键词: Sticker | FURIA (Holo) | Katowice 2019
10:04:30 | INFO     | 悠悠有品搜索全局延迟 4.0秒 (跨平台延迟控制)...
10:04:30 | INFO     | 🔍 开始搜索关键词: Sticker | arT | Rio 2022
10:04:34 | INFO     | 悠悠有品搜索全局延迟 4.0秒 (跨平台延迟控制)...
10:04:38 | INFO     | Buff搜索全局延迟 5.0秒 (跨平台延迟控制)...
10:04:43 | INFO     | Buff搜索全局延迟 5.0秒 (跨平台延迟控制)...
10:04:45 | INFO     | 🔍 搜索结果 'StatTrak™ SSG 08 | Abyss (Factory New)': Buff=¥83.57, 悠悠有品=¥91.80
10:04:45 | INFO     | 🔍 开始搜索关键词: Sticker | refrezh (Holo) | Stockholm 2021
10:04:48 | INFO     | Buff搜索全局延迟 5.0秒 (跨平台延迟控制)...
10:04:51 | INFO     | 🔍 搜索结果 'Sticker | FURIA (Holo) | Katowice 2019': Buff=¥98.85, 悠悠有品=¥98.00
10:04:51 | INFO     | 🔍 开始搜索关键词: Sticker | rain (Holo) | Antwerp 2022
10:04:53 | INFO     | 悠悠有品搜索全局延迟 4.0秒 (跨平台延迟控制)...
10:04:55 | INFO     | 127.0.0.1 - - [13/Jun/2025 10:04:55] "GET /api/data HTTP/1.1" 200 -
10:04:55 | INFO     | 127.0.0.1 - - [13/Jun/2025 10:04:55] "GET /api/status HTTP/1.1" 200 -
10:04:55 | INFO     | 127.0.0.1 - - [13/Jun/2025 10:04:55] "GET /api/status HTTP/1.1" 200 -
10:04:56 | INFO     | 🔍 搜索结果 'Sticker | arT | Rio 2022': Buff=¥0.21, 悠悠有品=¥0.39
10:04:57 | INFO     | 悠悠有品搜索全局延迟 4.0秒 (跨平台延迟控制)...
10:04:57 | INFO     | 127.0.0.1 - - [13/Jun/2025 10:04:57] "GET /api/data HTTP/1.1" 200 -
10:05:01 | INFO     | Buff搜索全局延迟 5.0秒 (跨平台延迟控制)...
10:05:06 | INFO     | Buff搜索全局延迟 5.0秒 (跨平台延迟控制)...
10:05:09 | INFO     | 🔍 搜索结果 'Sticker | refrezh (Holo) | Stockholm 2021': Buff=¥1.61, 悠悠有品=¥2.30
10:05:14 | INFO     | 🔍 搜索结果 'Sticker | rain (Holo) | Antwerp 2022': Buff=¥40.00, 悠悠有品=¥41.00
10:05:14 | INFO     | 🔄 增量搜索进度: 15/49
10:05:16 | INFO     | 🔍 开始搜索关键词: Glock-18 | Gamma Doppler (Factory New)
10:05:16 | INFO     | 🔍 开始搜索关键词: M4A4 | Royal Paladin (Factory New)
10:05:16 | INFO     | 悠悠有品搜索全局延迟 4.0秒 (跨平台延迟控制)...
10:05:16 | INFO     | 🔍 开始搜索关键词: Sticker | JT (Glitter) | Antwerp 2022
10:05:20 | INFO     | 悠悠有品搜索全局延迟 4.0秒 (跨平台延迟控制)...
10:05:24 | INFO     | Buff搜索全局延迟 5.0秒 (跨平台延迟控制)...
10:05:24 | INFO     | 127.0.0.1 - - [13/Jun/2025 10:05:24] "GET /api/data HTTP/1.1" 200 -
10:05:24 | INFO     | 127.0.0.1 - - [13/Jun/2025 10:05:24] "GET /api/status HTTP/1.1" 200 -
10:05:25 | INFO     | 127.0.0.1 - - [13/Jun/2025 10:05:25] "GET /api/status HTTP/1.1" 200 -
10:05:25 | INFO     | 127.0.0.1 - - [13/Jun/2025 10:05:25] "GET /api/data HTTP/1.1" 200 -
10:05:29 | INFO     | Buff搜索全局延迟 5.0秒 (跨平台延迟控制)...
10:05:31 | INFO     | 🔍 搜索结果 'Glock-18 | Gamma Doppler (Factory New)': Buff=¥829.90, 悠悠有品=¥833.50
10:05:31 | INFO     | 🔍 开始搜索关键词: M4A4 | Neo-Noir (Factory New)
10:05:34 | INFO     | Buff搜索全局延迟 5.0秒 (跨平台延迟控制)...
10:05:36 | INFO     | 🔍 搜索结果 'M4A4 | Royal Paladin (Factory New)': Buff=¥810.00, 悠悠有品=¥799.00
10:05:36 | INFO     | 🔍 开始搜索关键词: Souvenir P250 | Gunsmoke (Minimal Wear)
10:05:39 | INFO     | 悠悠有品搜索全局延迟 4.0秒 (跨平台延迟控制)...
10:05:42 | INFO     | 🔍 搜索结果 'Sticker | JT (Glitter) | Antwerp 2022': Buff=¥0.42, 悠悠有品=¥0.50
10:05:43 | INFO     | 悠悠有品搜索全局延迟 4.0秒 (跨平台延迟控制)...
10:05:47 | INFO     | Buff搜索全局延迟 5.0秒 (跨平台延迟控制)...
10:05:52 | INFO     | Buff搜索全局延迟 5.0秒 (跨平台延迟控制)...
10:05:54 | INFO     | 🔍 搜索结果 'M4A4 | Neo-Noir (Factory New)': Buff=¥339.00, 悠悠有品=¥340.00
10:05:54 | INFO     | 127.0.0.1 - - [13/Jun/2025 10:05:54] "GET /api/status HTTP/1.1" 200 -
10:05:54 | INFO     | 127.0.0.1 - - [13/Jun/2025 10:05:54] "GET /api/data HTTP/1.1" 200 -
10:05:54 | INFO     | 127.0.0.1 - - [13/Jun/2025 10:05:54] "GET /api/status HTTP/1.1" 200 -
10:05:54 | INFO     | 127.0.0.1 - - [13/Jun/2025 10:05:54] "GET /api/data HTTP/1.1" 200 -
10:05:59 | INFO     | 🔍 搜索结果 'Souvenir P250 | Gunsmoke (Minimal Wear)': Buff=¥32.99, 悠悠有品=¥36.68
10:05:59 | INFO     | 🔄 增量搜索进度: 20/49
10:06:01 | INFO     | 🔍 开始搜索关键词: Souvenir USP-S | Royal Blue (Field-Tested)
10:06:01 | INFO     | 悠悠有品搜索全局延迟 0.3秒 (跨平台延迟控制)...
10:06:01 | INFO     | 🔍 开始搜索关键词: Sticker | zorte (Glitter) | Antwerp 2022
10:06:01 | INFO     | 🔍 开始搜索关键词: Sticker | Astralis (Gold) | Antwerp 2022
10:06:01 | INFO     | 悠悠有品搜索全局延迟 4.0秒 (跨平台延迟控制)...
10:06:05 | INFO     | 悠悠有品搜索全局延迟 4.0秒 (跨平台延迟控制)...
10:06:09 | INFO     | Buff搜索全局延迟 5.0秒 (跨平台延迟控制)...
10:06:14 | INFO     | Buff搜索全局延迟 5.0秒 (跨平台延迟控制)...
10:06:16 | INFO     | 🔍 搜索结果 'Souvenir USP-S | Royal Blue (Field-Tested)': Buff=¥93.28, 悠悠有品=¥99.00
10:06:16 | INFO     | 🔍 开始搜索关键词: Sticker | boltz | Rio 2022
10:06:19 | INFO     | Buff搜索全局延迟 5.0秒 (跨平台延迟控制)...
10:06:22 | INFO     | 🔍 搜索结果 'Sticker | zorte (Glitter) | Antwerp 2022': Buff=¥0.06, 悠悠有品=¥0.17
10:06:22 | INFO     | 🔍 开始搜索关键词: Five-SeveN | Heat Treated (Factory New)
10:06:24 | INFO     | 悠悠有品搜索全局延迟 4.0秒 (跨平台延迟控制)...
10:06:25 | INFO     | 127.0.0.1 - - [13/Jun/2025 10:06:25] "GET /api/data HTTP/1.1" 200 -
10:06:25 | INFO     | 127.0.0.1 - - [13/Jun/2025 10:06:25] "GET /api/status HTTP/1.1" 200 -
10:06:25 | INFO     | 127.0.0.1 - - [13/Jun/2025 10:06:25] "GET /api/status HTTP/1.1" 200 -
10:06:25 | INFO     | 127.0.0.1 - - [13/Jun/2025 10:06:25] "GET /api/data HTTP/1.1" 200 -
10:06:27 | INFO     | 🔍 搜索结果 'Sticker | Astralis (Gold) | Antwerp 2022': Buff=¥60.00, 悠悠有品=¥68.00
10:06:28 | INFO     | 悠悠有品搜索全局延迟 4.0秒 (跨平台延迟控制)...
10:06:32 | INFO     | Buff搜索全局延迟 5.0秒 (跨平台延迟控制)...
10:06:37 | INFO     | Buff搜索全局延迟 5.0秒 (跨平台延迟控制)...
10:06:40 | INFO     | 🔍 搜索结果 'Sticker | boltz | Rio 2022': Buff=¥0.81, 悠悠有品=¥1.25
10:06:44 | INFO     | 🔍 搜索结果 'Five-SeveN | Heat Treated (Factory New)': Buff=¥68.49, 悠悠有品=¥66.00
10:06:44 | INFO     | 🔄 增量搜索进度: 25/49
10:06:46 | INFO     | 🔍 开始搜索关键词: P250 | Boreal Forest (Factory New)
10:06:46 | INFO     | 悠悠有品搜索全局延迟 0.4秒 (跨平台延迟控制)...
10:06:46 | INFO     | 🔍 开始搜索关键词: Sticker | sh1ro (Glitter) | Antwerp 2022
10:06:46 | INFO     | 🔍 开始搜索关键词: Souvenir P250 | Bone Mask (Minimal Wear)
10:06:46 | INFO     | 悠悠有品搜索全局延迟 4.0秒 (跨平台延迟控制)...
10:06:50 | INFO     | 悠悠有品搜索全局延迟 4.0秒 (跨平台延迟控制)...
10:06:54 | INFO     | Buff搜索全局延迟 5.0秒 (跨平台延迟控制)...
10:06:55 | INFO     | 127.0.0.1 - - [13/Jun/2025 10:06:55] "GET /api/data HTTP/1.1" 200 -
10:06:55 | INFO     | 127.0.0.1 - - [13/Jun/2025 10:06:55] "GET /api/status HTTP/1.1" 200 -
10:06:55 | INFO     | 127.0.0.1 - - [13/Jun/2025 10:06:55] "GET /api/status HTTP/1.1" 200 -
10:06:59 | INFO     | 127.0.0.1 - - [13/Jun/2025 10:06:59] "GET /api/data HTTP/1.1" 200 -
10:06:59 | INFO     | Buff搜索全局延迟 5.0秒 (跨平台延迟控制)...
10:07:00 | INFO     | 🔍 搜索结果 'P250 | Boreal Forest (Factory New)': Buff=¥1.41, 悠悠有品=¥1.69
10:07:00 | INFO     | 🔍 开始搜索关键词: M4A1-S | Golden Coil (Minimal Wear)
10:07:04 | INFO     | Buff搜索全局延迟 5.0秒 (跨平台延迟控制)...
10:07:07 | INFO     | 🔍 搜索结果 'Sticker | sh1ro (Glitter) | Antwerp 2022': Buff=¥0.99, 悠悠有品=¥1.46
10:07:07 | INFO     | 🔍 开始搜索关键词: Sticker | max (Glitter) | Antwerp 2022
10:07:09 | INFO     | 悠悠有品搜索全局延迟 4.0秒 (跨平台延迟控制)...
10:07:10 | INFO     | 🔍 搜索结果 'Souvenir P250 | Bone Mask (Minimal Wear)': Buff=¥3.41, 悠悠有品=¥5.79
10:07:13 | INFO     | 悠悠有品搜索全局延迟 4.0秒 (跨平台延迟控制)...
10:07:17 | INFO     | Buff搜索全局延迟 5.0秒 (跨平台延迟控制)...
10:07:22 | INFO     | Buff搜索全局延迟 5.0秒 (跨平台延迟控制)...
10:07:24 | INFO     | 🔍 搜索结果 'M4A1-S | Golden Coil (Minimal Wear)': Buff=¥840.00, 悠悠有品=¥840.00
10:07:29 | INFO     | 🔍 搜索结果 'Sticker | max (Glitter) | Antwerp 2022': Buff=¥2.18, 悠悠有品=¥2.88
10:07:29 | INFO     | 🔄 增量搜索进度: 30/49
10:07:31 | INFO     | 🔍 开始搜索关键词: StatTrak™ USP-S | Stainless (Minimal Wear)
10:07:31 | INFO     | 悠悠有品搜索全局延迟 0.5秒 (跨平台延迟控制)...
10:07:31 | INFO     | 🔍 开始搜索关键词: Sticker | broky (Glitter) | Antwerp 2022
10:07:31 | INFO     | 🔍 开始搜索关键词: Sticker | nafany (Glitter) | Antwerp 2022
10:07:31 | INFO     | 悠悠有品搜索全局延迟 4.0秒 (跨平台延迟控制)...
10:07:35 | INFO     | 悠悠有品搜索全局延迟 4.0秒 (跨平台延迟控制)...
10:07:39 | INFO     | Buff搜索全局延迟 5.0秒 (跨平台延迟控制)...
10:07:44 | INFO     | Buff搜索全局延迟 5.0秒 (跨平台延迟控制)...
10:07:46 | INFO     | 🔍 搜索结果 'StatTrak™ USP-S | Stainless (Minimal Wear)': Buff=¥248.47, 悠悠有品=¥251.50
10:07:46 | INFO     | 🔍 开始搜索关键词: Sticker | Ax1Le (Glitter) | Rio 2022
10:07:49 | INFO     | Buff搜索全局延迟 5.0秒 (跨平台延迟控制)...
10:07:50 | INFO     | 127.0.0.1 - - [13/Jun/2025 10:07:50] "GET /api/data HTTP/1.1" 200 -
10:07:50 | INFO     | 127.0.0.1 - - [13/Jun/2025 10:07:50] "GET /api/status HTTP/1.1" 200 -
10:07:50 | INFO     | 127.0.0.1 - - [13/Jun/2025 10:07:50] "GET /api/status HTTP/1.1" 200 -
10:07:50 | INFO     | 127.0.0.1 - - [13/Jun/2025 10:07:50] "GET /api/data HTTP/1.1" 200 -
10:07:52 | INFO     | 🔍 搜索结果 'Sticker | broky (Glitter) | Antwerp 2022': Buff=¥0.16, 悠悠有品=¥0.38
10:07:52 | INFO     | 🔍 开始搜索关键词: Sticker | Twistzz (Glitter) | Antwerp 2022
10:07:54 | INFO     | 悠悠有品搜索全局延迟 4.0秒 (跨平台延迟控制)...
10:07:57 | INFO     | 🔍 搜索结果 'Sticker | nafany (Glitter) | Antwerp 2022': Buff=¥0.29, 悠悠有品=¥0.30
10:07:58 | INFO     | 悠悠有品搜索全局延迟 4.0秒 (跨平台延迟控制)...
10:08:02 | INFO     | Buff搜索全局延迟 5.0秒 (跨平台延迟控制)...
10:08:07 | INFO     | Buff搜索全局延迟 5.0秒 (跨平台延迟控制)...
10:08:10 | INFO     | 🔍 搜索结果 'Sticker | Ax1Le (Glitter) | Rio 2022': Buff=¥0.81, 悠悠有品=¥1.20
10:08:15 | INFO     | 🔍 搜索结果 'Sticker | Twistzz (Glitter) | Antwerp 2022': Buff=¥0.69, 悠悠有品=¥0.97
10:08:15 | INFO     | 🔄 增量搜索进度: 35/49
10:08:17 | INFO     | 🔍 开始搜索关键词: Sticker | Spinx (Holo) | Antwerp 2022
10:08:17 | INFO     | 🔍 开始搜索关键词: Five-SeveN | Case Hardened (Minimal Wear)
10:08:17 | INFO     | 悠悠有品搜索全局延迟 4.0秒 (跨平台延迟控制)...
10:08:17 | INFO     | 🔍 开始搜索关键词: Souvenir UMP-45 | Blaze (Factory New)
10:08:21 | INFO     | 悠悠有品搜索全局延迟 4.0秒 (跨平台延迟控制)...
10:08:25 | INFO     | Buff搜索全局延迟 5.0秒 (跨平台延迟控制)...
10:08:30 | INFO     | Buff搜索全局延迟 5.0秒 (跨平台延迟控制)...
10:08:32 | INFO     | 🔍 搜索结果 'Sticker | Spinx (Holo) | Antwerp 2022': Buff=¥1.19, 悠悠有品=¥1.46
10:08:32 | INFO     | 🔍 开始搜索关键词: Souvenir Sawed-Off | Brake Light (Factory New)
10:08:35 | INFO     | Buff搜索全局延迟 5.0秒 (跨平台延迟控制)...
10:08:37 | INFO     | 🔍 搜索结果 'Five-SeveN | Case Hardened (Minimal Wear)': Buff=¥78.00, 悠悠有品=¥80.99
10:08:37 | INFO     | 🔍 开始搜索关键词: AK-47 | Head Shot (Factory New)
10:08:40 | INFO     | 悠悠有品搜索全局延迟 4.0秒 (跨平台延迟控制)...
10:08:42 | INFO     | 🔍 搜索结果 'Souvenir UMP-45 | Blaze (Factory New)': Buff=¥208.79, 悠悠有品=¥207.00
10:08:44 | INFO     | 悠悠有品搜索全局延迟 4.0秒 (跨平台延迟控制)...
10:08:48 | INFO     | Buff搜索全局延迟 5.0秒 (跨平台延迟控制)...
10:08:50 | INFO     | 127.0.0.1 - - [13/Jun/2025 10:08:50] "GET /api/data HTTP/1.1" 200 -
10:08:50 | INFO     | 127.0.0.1 - - [13/Jun/2025 10:08:50] "GET /api/status HTTP/1.1" 200 -
10:08:50 | INFO     | 127.0.0.1 - - [13/Jun/2025 10:08:50] "GET /api/status HTTP/1.1" 200 -
10:08:53 | INFO     | Buff搜索全局延迟 5.0秒 (跨平台延迟控制)...
10:08:55 | INFO     | 🔍 搜索结果 'Souvenir Sawed-Off | Brake Light (Factory New)': Buff=¥2.25, 悠悠有品=¥3.99
10:08:58 | INFO     | 127.0.0.1 - - [13/Jun/2025 10:08:58] "GET /api/data HTTP/1.1" 200 -
10:09:00 | INFO     | 🔍 搜索结果 'AK-47 | Head Shot (Factory New)': Buff=¥365.98, 悠悠有品=¥363.00
10:09:00 | INFO     | 🔄 增量搜索进度: 40/49
10:09:02 | INFO     | 🔍 开始搜索关键词: Souvenir Five-SeveN | Contractor (Field-Tested)
10:09:02 | INFO     | 悠悠有品搜索全局延迟 0.5秒 (跨平台延迟控制)...
10:09:02 | INFO     | 🔍 开始搜索关键词: Sticker | TeSeS (Glitter) | Antwerp 2022
10:09:02 | INFO     | 🔍 开始搜索关键词: Sticker | Jame | Berlin 2019
10:09:02 | INFO     | 悠悠有品搜索全局延迟 4.0秒 (跨平台延迟控制)...
10:09:06 | INFO     | 悠悠有品搜索全局延迟 4.0秒 (跨平台延迟控制)...
10:09:10 | INFO     | Buff搜索全局延迟 5.0秒 (跨平台延迟控制)...
10:09:15 | INFO     | Buff搜索全局延迟 5.0秒 (跨平台延迟控制)...
10:09:17 | INFO     | 🔍 搜索结果 'Souvenir Five-SeveN | Contractor (Field-Tested)': Buff=¥2.30, 悠悠有品=¥3.08
10:09:17 | INFO     | 🔍 开始搜索关键词: Sticker | buster (Glitter) | Antwerp 2022
10:09:20 | INFO     | Buff搜索全局延迟 5.0秒 (跨平台延迟控制)...
10:09:22 | INFO     | 🔍 搜索结果 'Sticker | TeSeS (Glitter) | Antwerp 2022': Buff=¥0.34, 悠悠有品=¥0.50
10:09:22 | INFO     | 🔍 开始搜索关键词: StatTrak™ Desert Eagle | Crimson Web (Field-Tested)
10:09:25 | INFO     | 悠悠有品搜索全局延迟 4.0秒 (跨平台延迟控制)...
10:09:28 | INFO     | 🔍 搜索结果 'Sticker | Jame | Berlin 2019': Buff=¥0.75, 悠悠有品=¥0.85
10:09:29 | INFO     | 悠悠有品搜索全局延迟 4.0秒 (跨平台延迟控制)...
10:09:34 | INFO     | Buff搜索全局延迟 5.0秒 (跨平台延迟控制)...
10:09:39 | INFO     | Buff搜索全局延迟 5.0秒 (跨平台延迟控制)...
10:09:41 | INFO     | 🔍 搜索结果 'Sticker | buster (Glitter) | Antwerp 2022': Buff=¥0.37, 悠悠有品=¥1.19
10:09:45 | INFO     | 🔍 搜索结果 'StatTrak™ Desert Eagle | Crimson Web (Field-Tested)': Buff=¥137.90, 悠悠有品=¥149.50
10:09:45 | INFO     | 🔄 增量搜索进度: 45/49
10:09:47 | INFO     | 🔍 开始搜索关键词: Sticker | Boombl4 | Berlin 2019
10:09:47 | INFO     | 悠悠有品搜索全局延迟 0.1秒 (跨平台延迟控制)...
10:09:47 | INFO     | 🔍 开始搜索关键词: Sticker | Ax1Le (Glitter) | Antwerp 2022
10:09:47 | INFO     | 🔍 开始搜索关键词: Sticker | Xyp9x (Glitter) | Antwerp 2022
10:09:48 | INFO     | 悠悠有品搜索全局延迟 4.0秒 (跨平台延迟控制)...
10:09:52 | INFO     | 悠悠有品搜索全局延迟 4.0秒 (跨平台延迟控制)...
10:09:52 | INFO     | 127.0.0.1 - - [13/Jun/2025 10:09:52] "GET /api/data HTTP/1.1" 200 -
10:09:52 | INFO     | 127.0.0.1 - - [13/Jun/2025 10:09:52] "GET /api/status HTTP/1.1" 200 -
10:09:52 | INFO     | 127.0.0.1 - - [13/Jun/2025 10:09:52] "GET /api/status HTTP/1.1" 200 -
10:09:56 | INFO     | Buff搜索全局延迟 5.0秒 (跨平台延迟控制)...
10:09:57 | INFO     | 127.0.0.1 - - [13/Jun/2025 10:09:57] "GET /api/data HTTP/1.1" 200 -
10:10:01 | INFO     | Buff搜索全局延迟 5.0秒 (跨平台延迟控制)...
10:10:03 | INFO     | 🔍 搜索结果 'Sticker | Boombl4 | Berlin 2019': Buff=¥0.60, 悠悠有品=¥0.83
10:10:03 | INFO     | 🔍 开始搜索关键词: Souvenir AK-47 | Safari Mesh (Field-Tested)
10:10:06 | INFO     | Buff搜索全局延迟 5.0秒 (跨平台延迟控制)...
10:10:09 | INFO     | 🔍 搜索结果 'Sticker | Ax1Le (Glitter) | Antwerp 2022': Buff=¥0.44, 悠悠有品=¥0.70
10:10:11 | INFO     | 悠悠有品搜索全局延迟 4.0秒 (跨平台延迟控制)...
10:10:12 | INFO     | 🔍 搜索结果 'Sticker | Xyp9x (Glitter) | Antwerp 2022': Buff=¥0.21, 悠悠有品=¥0.36
10:10:15 | INFO     | Buff搜索全局延迟 4.8秒 (跨平台延迟控制)...
10:10:21 | INFO     | 🔍 搜索结果 'Souvenir AK-47 | Safari Mesh (Field-Tested)': Buff=¥78.88, 悠悠有品=¥83.90
10:10:21 | INFO     | 🔄 增量搜索进度: 49/49
10:10:23 | INFO     | 📊 增量搜索完成: 获取到 49 个Buff商品, 49 个悠悠有品商品
10:10:26 | INFO     | 🔍 准备更新Buff数据: 49 个搜索结果
10:10:26 | INFO     | 🔍 ID匹配统计: 检查了 24572 个全量商品, 匹配到 50 个
10:10:34 | INFO     | 📁 Buff数据文件已更新: 50 个商品
10:10:35 | INFO     | 🔍 准备更新悠悠有品数据: 49 个搜索结果
10:10:35 | INFO     | 🔍 悠悠有品匹配统计: 检查了 24186 个全量商品, 匹配到 55 个
10:10:39 | INFO     | 📁 悠悠有品数据文件已更新: 55 个商品
10:10:39 | INFO     | 📁 全量数据文件更新完成: 105 个商品已更新
10:10:39 | INFO     | 📂 找到新版全量数据文件: buff_full.json, youpin_full.json
10:10:39 | INFO     | 🔄 基于更新后的全量数据重新分析价差...
10:10:39 | INFO     | 🔄 开始从已保存数据重新筛选...
10:10:39 | INFO     | 📂 找到新版全量数据文件: buff_full.json, youpin_full.json
10:10:40 | INFO     | ✅ 加载数据文件: buff_full.json (24572个商品)
10:10:41 | INFO     | ✅ 加载数据文件: youpin_full.json (24186个商品)
10:10:41 | INFO     | 📊 加载数据: Buff 24572个, 悠悠有品 24186个
10:10:41 | INFO     | 📈 建立映射表: Hash映射22582个, 名称映射22579个
10:10:41 | INFO     | 🔥 开始第一步筛选：价格区间 0.0-1000.0元
10:10:41 | INFO     |    第一步完成：3794个商品被价格筛选过滤，剩余20695个
10:10:41 | INFO     | 🔥 开始第二步筛选：在售数量 ≥200个
10:10:41 | INFO     |    第二步完成：16194个商品被在售数量筛选过滤，剩余4501个
10:10:41 | INFO     | 🚀 性能优化：预建规范化映射表...
10:10:41 | INFO     | ✅ 映射表建立完成：22582个规范化键
10:10:41 | INFO     | 🔥 开始匹配阶段：处理4501个通过筛选的商品
10:10:41 | INFO     |    匹配进度: 1000/4501 (100014个/秒)
10:10:41 | INFO     |    匹配进度: 2000/4501 (83339个/秒)
10:10:41 | INFO     |    匹配进度: 3000/4501 (81084个/秒)
10:10:41 | INFO     |    匹配进度: 4000/4501 (83327个/秒)
10:10:41 | INFO     | ✅ 匹配阶段完成：耗时 0.05秒，处理速度 83353个/秒
10:10:42 | INFO     | 📊 筛选统计:
10:10:42 | INFO     |    处理商品: 24572个
10:10:42 | INFO     |    🔥 第一步-价格筛选: 过滤3794个 → 剩余20695个
10:10:42 | INFO     |    🔥 第二步-在售数量筛选: 过滤16194个 → 剩余4501个
10:10:42 | INFO     |    找到匹配: 3871个 (匹配率:86.0%)
10:10:42 | INFO     |    🎯 匹配类型分布:
10:10:42 | INFO     |       精确匹配: 3871个
10:10:42 | INFO     |       规范化匹配: 0个
10:10:42 | INFO     |       武器名称匹配: 0个
10:10:42 | INFO     |       模糊匹配: 0个
10:10:42 | INFO     |       未匹配: 630个
10:10:42 | INFO     |    符合价差条件: 611个
10:10:42 | INFO     | ✅ 重新筛选完成: 符合条件的商品 611个
10:10:42 | INFO     | HashName缓存已保存: 557个（含利润率和价差信息）
10:10:42 | INFO     | HashName缓存已更新: 557个关键词
10:10:42 | INFO     |    📈 利润率范围: 3.13% ~ 22162.16%
10:10:42 | INFO     |    💰 价差范围: ¥0.10 ~ ¥11.99
10:10:42 | INFO     |    📊 平均利润率: 828.23%
10:10:42 | INFO     |    📊 平均价差: ¥0.77
10:10:42 | INFO     | 🎯 增量更新完成: 分析出 611 个符合条件的商品
10:10:42 | INFO     | ✅ 完成分析: incremental_update (ID: incremental_update_1749780178), 耗时: 463.3秒
10:10:42 | INFO     | ✅ 增量更新完成: 基于最新数据分析出 611 个符合条件的商品
10:10:50 | INFO     | 127.0.0.1 - - [13/Jun/2025 10:10:50] "GET /api/data HTTP/1.1" 200 -
10:10:50 | INFO     | 127.0.0.1 - - [13/Jun/2025 10:10:50] "GET /api/status HTTP/1.1" 200 -
10:10:50 | INFO     | 127.0.0.1 - - [13/Jun/2025 10:10:50] "GET /api/status HTTP/1.1" 200 -
10:10:56 | INFO     | 127.0.0.1 - - [13/Jun/2025 10:10:56] "GET /api/data HTTP/1.1" 200 -
10:10:59 | INFO     | 127.0.0.1 - - [13/Jun/2025 10:10:59] "GET /api/data HTTP/1.1" 200 -
10:10:59 | INFO     | 127.0.0.1 - - [13/Jun/2025 10:10:59] "GET /api/status HTTP/1.1" 200 -
10:10:59 | INFO     | 127.0.0.1 - - [13/Jun/2025 10:10:59] "GET /api/status HTTP/1.1" 200 -
10:11:00 | INFO     | 127.0.0.1 - - [13/Jun/2025 10:11:00] "GET /api/data HTTP/1.1" 200 -
10:11:24 | INFO     | 127.0.0.1 - - [13/Jun/2025 10:11:24] "GET /api/data HTTP/1.1" 200 -
10:11:24 | INFO     | 127.0.0.1 - - [13/Jun/2025 10:11:24] "GET /api/status HTTP/1.1" 200 -
10:11:24 | INFO     | 127.0.0.1 - - [13/Jun/2025 10:11:24] "GET /api/status HTTP/1.1" 200 -
10:11:25 | INFO     | 127.0.0.1 - - [13/Jun/2025 10:11:25] "GET /api/data HTTP/1.1" 200 -
10:11:54 | INFO     | 127.0.0.1 - - [13/Jun/2025 10:11:54] "GET /api/data HTTP/1.1" 200 -
10:11:54 | INFO     | 127.0.0.1 - - [13/Jun/2025 10:11:54] "GET /api/status HTTP/1.1" 200 -
10:11:54 | INFO     | 127.0.0.1 - - [13/Jun/2025 10:11:54] "GET /api/status HTTP/1.1" 200 -
10:11:55 | INFO     | 127.0.0.1 - - [13/Jun/2025 10:11:55] "GET /api/data HTTP/1.1" 200 -
10:12:24 | INFO     | 127.0.0.1 - - [13/Jun/2025 10:12:24] "GET /api/data HTTP/1.1" 200 -
10:12:24 | INFO     | 127.0.0.1 - - [13/Jun/2025 10:12:24] "GET /api/status HTTP/1.1" 200 -
10:12:24 | INFO     | 127.0.0.1 - - [13/Jun/2025 10:12:24] "GET /api/status HTTP/1.1" 200 -
10:12:25 | INFO     | 127.0.0.1 - - [13/Jun/2025 10:12:25] "GET /api/data HTTP/1.1" 200 -
10:12:54 | INFO     | 127.0.0.1 - - [13/Jun/2025 10:12:54] "GET /api/data HTTP/1.1" 200 -
10:12:54 | INFO     | 127.0.0.1 - - [13/Jun/2025 10:12:54] "GET /api/status HTTP/1.1" 200 -
10:12:54 | INFO     | 127.0.0.1 - - [13/Jun/2025 10:12:54] "GET /api/status HTTP/1.1" 200 -
10:12:55 | INFO     | 127.0.0.1 - - [13/Jun/2025 10:12:55] "GET /api/data HTTP/1.1" 200 -
10:12:58 | INFO     | 🔄 开始增量更新
10:12:58 | INFO     | 🚀 启动分析: incremental_update (ID: incremental_update_1749780778)
10:12:58 | INFO     | 🎯 增量搜索关键词（利润率前25 + 价差前25）:
10:12:58 | INFO     |    📊 从557个中选择49个
10:12:58 | INFO     |    📈 利润率前25: 25个
10:12:58 | INFO     |    💰 价差前25: 25个
10:12:58 | INFO     |    🔄 去重后总数: 49个
10:12:58 | INFO     |    📈 利润率范围: 3205.13% ~ 22162.16%
10:12:58 | INFO     |    🔝 利润率前5个商品:
10:12:58 | INFO     |       1. Sticker | buster (Glitter) | Antwerp 2022 (22162.16%)
10:12:58 | INFO     |       2. Sticker | zorte (Glitter) | Antwerp 2022 (18333.33%)
10:12:59 | INFO     |       3. Sticker | broky (Glitter) | Antwerp 2022 (13750.00%)
10:12:59 | INFO     |       4. Sticker | arT | Rio 2022 (8571.43%)
10:12:59 | INFO     |       5. Souvenir Sawed-Off | Brake Light (Factory New) (7733.33%)
10:12:59 | INFO     |    💰 价差范围: ¥2.78 ~ ¥11.99
10:12:59 | INFO     |    🔝 价差前5个商品:
10:12:59 | INFO     |       1. AWP | Asiimov (Field-Tested) (¥11.99)
10:12:59 | INFO     |       2. StatTrak™ Desert Eagle | Crimson Web (Field-Tested) (¥11.60)
10:12:59 | INFO     |       3. StatTrak™ SSG 08 | Abyss (Factory New) (¥8.23)
10:12:59 | INFO     |       4. Sticker | Astralis (Gold) | Antwerp 2022 (¥8.00)
10:12:59 | INFO     |       5. Souvenir USP-S | Royal Blue (Field-Tested) (¥5.72)
10:12:59 | INFO     | 🔍 开始增量更新: 搜索 49 个商品的最新价格
10:12:59 | INFO     | Token配置已加载: tokens_config.json
10:12:59 | INFO     | Token配置已加载: tokens_config.json
10:12:59 | INFO     | 🔍 开始搜索关键词: AWP | Asiimov (Field-Tested)
10:12:59 | INFO     | 🔍 开始搜索关键词: Desert Eagle | Printstream (Battle-Scarred)
10:12:59 | INFO     | 悠悠有品搜索全局延迟 4.0秒 (跨平台延迟控制)...
10:12:59 | INFO     | 🔍 开始搜索关键词: Glock-18 | Gamma Doppler (Minimal Wear)
10:12:59 | INFO     | 悠悠有品搜索全局延迟 4.0秒 (跨平台延迟控制)...
10:13:03 | INFO     | Buff搜索全局延迟 5.0秒 (跨平台延迟控制)...
10:13:08 | INFO     | Buff搜索全局延迟 5.0秒 (跨平台延迟控制)...
10:13:08 | INFO     | 🔍 搜索结果 'AWP | Asiimov (Field-Tested)': Buff=¥994.50, 悠悠有品=¥1006.99
10:13:08 | INFO     | 🔍 开始搜索关键词: M4A4 | Bullet Rain (Minimal Wear)
10:13:13 | INFO     | Buff搜索全局延迟 5.0秒 (跨平台延迟控制)...
10:13:13 | INFO     | 🔍 搜索结果 'Glock-18 | Gamma Doppler (Minimal Wear)': Buff=¥622.50, 悠悠有品=¥626.99
10:13:13 | INFO     | 🔍 开始搜索关键词: Souvenir AUG | Colony (Field-Tested)
10:13:18 | INFO     | 悠悠有品搜索全局延迟 4.0秒 (跨平台延迟控制)...
10:13:18 | INFO     | 🔍 搜索结果 'Desert Eagle | Printstream (Battle-Scarred)': Buff=¥203.00, 悠悠有品=¥205.99
10:13:22 | INFO     | 悠悠有品搜索全局延迟 4.0秒 (跨平台延迟控制)...
10:13:24 | INFO     | 127.0.0.1 - - [13/Jun/2025 10:13:24] "GET /api/data HTTP/1.1" 200 -
10:13:24 | INFO     | 127.0.0.1 - - [13/Jun/2025 10:13:24] "GET /api/status HTTP/1.1" 200 -
10:13:24 | INFO     | 127.0.0.1 - - [13/Jun/2025 10:13:24] "GET /api/status HTTP/1.1" 200 -
10:13:25 | INFO     | 127.0.0.1 - - [13/Jun/2025 10:13:25] "GET /api/data HTTP/1.1" 200 -
10:13:26 | INFO     | Buff搜索全局延迟 5.0秒 (跨平台延迟控制)...
10:13:27 | INFO     | 127.0.0.1 - - [13/Jun/2025 10:13:27] "GET /api/data HTTP/1.1" 200 -
10:13:31 | INFO     | Buff搜索全局延迟 5.0秒 (跨平台延迟控制)...
10:13:31 | INFO     | 🔍 搜索结果 'M4A4 | Bullet Rain (Minimal Wear)': Buff=¥215.40, 悠悠有品=¥218.00
10:13:36 | INFO     | 🔍 搜索结果 'Souvenir AUG | Colony (Field-Tested)': Buff=¥1.74, 悠悠有品=¥2.59
10:13:36 | INFO     | 🔄 增量搜索进度: 5/49
10:13:38 | INFO     | 🔍 开始搜索关键词: Souvenir AUG | Radiation Hazard (Factory New)
10:13:38 | INFO     | 悠悠有品搜索全局延迟 1.9秒 (跨平台延迟控制)...
10:13:38 | INFO     | 🔍 开始搜索关键词: SG 553 | Integrale (Minimal Wear)
10:13:38 | INFO     | 🔍 开始搜索关键词: Souvenir Five-SeveN | Contractor (Minimal Wear)
10:13:40 | INFO     | 🛑 停止更新管理器
10:13:40 | INFO     | ✅ 更新管理器已停止
10:13:43 | INFO     | ✅ 日志系统已配置
10:13:43 | INFO     |    - 日志级别: INFO
10:13:43 | INFO     |    - 日志文件: logs\buff_monitor_20250613.log
10:13:43 | INFO     |    - 错误日志: logs\buff_monitor_error_20250613.log
10:13:43 | INFO     |    - 控制台输出: 启用
10:13:43 | INFO     | 🚀 系统启动 - 日志配置已启用
10:13:43 | INFO     | 📁 日志文件将保存到: D:\PycharmProjects\uu\logs 目录
10:13:43 | INFO     | 🎯 启动Buff价差监控系统
10:13:43 | INFO     | 🔄 启动更新管理器...
10:13:44 | INFO     | Token配置已加载: tokens_config.json
10:13:44 | INFO     | HashName缓存已加载（旧格式转换）: 0个
10:13:44 | INFO     | 🚀 启动更新管理器
10:13:44 | INFO     | 🔍 发现full data文件，开始重新生成hash name缓存...
10:13:46 | INFO     | 📂 加载数据: Buff 24572个商品, 悠悠有品 24186个商品
10:13:46 | INFO     | 📈 建立映射表: Hash映射22582个, 名称映射22579个
10:13:46 | INFO     | 🔥 开始第一步筛选：价格区间 0.0-1000.0元
10:13:46 | INFO     |    第一步完成：3794个商品被价格筛选过滤，剩余20695个
10:13:46 | INFO     | 🔥 开始第二步筛选：在售数量 ≥200个
10:13:46 | INFO     |    第二步完成：16194个商品被在售数量筛选过滤，剩余4501个
10:13:46 | INFO     | 🚀 性能优化：预建规范化映射表...
10:13:47 | INFO     | ✅ 映射表建立完成：22582个规范化键
10:13:47 | INFO     | 🔥 开始匹配阶段：处理4501个通过筛选的商品
10:13:47 | INFO     |    匹配进度: 1000/4501 (100000个/秒)
10:13:47 | INFO     |    匹配进度: 2000/4501 (90911个/秒)
10:13:47 | INFO     |    匹配进度: 3000/4501 (49181个/秒)
10:13:47 | INFO     |    匹配进度: 4000/4501 (57142个/秒)
10:13:47 | INFO     | ✅ 匹配阶段完成：耗时 0.08秒，处理速度 57704个/秒
10:13:47 | INFO     | 📊 筛选统计:
10:13:47 | INFO     |    处理商品: 24572个
10:13:47 | INFO     |    🔥 第一步-价格筛选: 过滤3794个 → 剩余20695个
10:13:47 | INFO     |    🔥 第二步-在售数量筛选: 过滤16194个 → 剩余4501个
10:13:47 | INFO     |    找到匹配: 3871个 (匹配率:86.0%)
10:13:47 | INFO     |    🎯 匹配类型分布:
10:13:47 | INFO     |       精确匹配: 3871个
10:13:47 | INFO     |       规范化匹配: 0个
10:13:47 | INFO     |       武器名称匹配: 0个
10:13:47 | INFO     |       模糊匹配: 0个
10:13:47 | INFO     |       未匹配: 630个
10:13:47 | INFO     |    符合价差条件: 611个
10:13:47 | INFO     | 🎯 分析完成: 发现 611 个有价差的商品
10:13:47 | INFO     | HashName缓存已保存: 557个（含利润率信息）
10:13:47 | INFO     | HashName缓存已更新: 557个关键词
10:13:47 | INFO     |    📈 利润率范围: 3.13% ~ 22162.16%
10:13:47 | INFO     |    📊 平均利润率: 828.23%
10:13:47 | INFO     | ✅ HashName缓存已从full data文件重新生成
10:13:47 | INFO     | ✅ 从full data文件重新生成缓存成功
10:13:47 | INFO     | ✅ 开始全量更新定时循环
10:13:47 | INFO     | 🔄 开始增量更新
10:13:47 | INFO     | 🎯 启动完成，定时循环将处理更新任务
10:13:47 | INFO     | 🚀 启动分析: incremental_update (ID: incremental_update_1749780827)
10:13:47 | INFO     | ✅ 更新管理器已启动
10:13:47 | INFO     | 🌐 启动API服务器...
10:13:47 | INFO     | 📂 找到新版全量数据文件: buff_full.json, youpin_full.json
10:13:47 | INFO     | 🔄 开始从已保存数据重新筛选...
10:13:47 | INFO     | 📂 找到新版全量数据文件: buff_full.json, youpin_full.json
10:13:48 | INFO     | ✅ 加载数据文件: buff_full.json (24572个商品)
10:13:49 | INFO     | ✅ 加载数据文件: youpin_full.json (24186个商品)
10:13:49 | INFO     | 📊 加载数据: Buff 24572个, 悠悠有品 24186个
10:13:49 | INFO     | 📈 建立映射表: Hash映射22582个, 名称映射22579个
10:13:49 | INFO     | 🔥 开始第一步筛选：价格区间 0.0-1000.0元
10:13:49 | INFO     |    第一步完成：3794个商品被价格筛选过滤，剩余20695个
10:13:49 | INFO     | 🔥 开始第二步筛选：在售数量 ≥200个
10:13:49 | INFO     |    第二步完成：16194个商品被在售数量筛选过滤，剩余4501个
10:13:49 | INFO     | 🚀 性能优化：预建规范化映射表...
10:13:49 | INFO     | ✅ 映射表建立完成：22582个规范化键
10:13:49 | INFO     | 🔥 开始匹配阶段：处理4501个通过筛选的商品
10:13:49 | INFO     |    匹配进度: 1000/4501 (111110个/秒)
10:13:49 | INFO     |    匹配进度: 2000/4501 (90893个/秒)
10:13:49 | INFO     |    匹配进度: 3000/4501 (81075个/秒)
10:13:49 | INFO     |    匹配进度: 4000/4501 (85100个/秒)
10:13:49 | INFO     | ✅ 匹配阶段完成：耗时 0.06秒，处理速度 81832个/秒
10:13:49 | INFO     | 📊 筛选统计:
10:13:49 | INFO     |    处理商品: 24572个
10:13:49 | INFO     |    🔥 第一步-价格筛选: 过滤3794个 → 剩余20695个
10:13:49 | INFO     |    🔥 第二步-在售数量筛选: 过滤16194个 → 剩余4501个
10:13:49 | INFO     |    找到匹配: 3871个 (匹配率:86.0%)
10:13:49 | INFO     |    🎯 匹配类型分布:
10:13:49 | INFO     |       精确匹配: 3871个
10:13:49 | INFO     |       规范化匹配: 0个
10:13:49 | INFO     |       武器名称匹配: 0个
10:13:49 | INFO     |       模糊匹配: 0个
10:13:49 | INFO     |       未匹配: 630个
10:13:49 | INFO     |    符合价差条件: 611个
10:13:50 | INFO     | ✅ 重新筛选完成: 符合条件的商品 611个
10:13:50 | INFO     | 🎯 增量搜索关键词（利润率前25 + 差价前25）:
10:13:50 | INFO     |    📊 从557个中选择49个
10:13:50 | INFO     |    📈 利润率范围: 3205.13% ~ 22162.16%
10:13:50 | INFO     |    🔝 利润率前5个商品:
10:13:50 | INFO     |       1. Sticker | buster (Glitter) | Antwerp 2022 (22162.16%)
10:13:50 | INFO     |       2. Sticker | zorte (Glitter) | Antwerp 2022 (18333.33%)
10:13:50 | INFO     |       3. Sticker | broky (Glitter) | Antwerp 2022 (13750.00%)
10:13:50 | INFO     |       4. Sticker | arT | Rio 2022 (8571.43%)
10:13:50 | INFO     |       5. Souvenir Sawed-Off | Brake Light (Factory New) (7733.33%)
10:13:50 | INFO     |    💰 差价前5个商品:
10:13:50 | INFO     |       1. AWP | Asiimov (Field-Tested) (差价: ¥11.99)
10:13:50 | INFO     |       2. StatTrak™ Desert Eagle | Crimson Web (Field-Tested) (差价: ¥11.60)
10:13:50 | INFO     |       3. StatTrak™ SSG 08 | Abyss (Factory New) (差价: ¥8.23)
10:13:50 | INFO     |       4. Sticker | Astralis (Gold) | Antwerp 2022 (差价: ¥8.00)
10:13:50 | INFO     |       5. Souvenir USP-S | Royal Blue (Field-Tested) (差价: ¥5.72)
10:13:50 | INFO     | 🔍 开始增量更新: 搜索 49 个商品的最新价格
10:13:50 | INFO     | Token配置已加载: tokens_config.json
10:13:50 | INFO     | Token配置已加载: tokens_config.json
10:13:50 | INFO     | 🔍 开始搜索关键词: StatTrak™ USP-S | Stainless (Minimal Wear)
10:13:50 | INFO     | 🔍 开始搜索关键词: Souvenir P250 | Bone Mask (Minimal Wear)
10:13:50 | INFO     | 悠悠有品搜索全局延迟 3.9秒 (跨平台延迟控制)...
10:13:50 | INFO     | 🔍 开始搜索关键词: Sticker | Ax1Le (Glitter) | Antwerp 2022
10:13:51 | INFO     | 🚀 API服务器启动在 http://localhost:5000
10:13:51 | WARNING  |  * Running on all addresses.
   WARNING: This is a development server. Do not use it in a production deployment.
10:13:51 | INFO     |  * Running on http://192.168.1.228:5000/ (Press CTRL+C to quit)
10:13:54 | INFO     | 悠悠有品搜索全局延迟 4.0秒 (跨平台延迟控制)...
10:13:55 | INFO     | 127.0.0.1 - - [13/Jun/2025 10:13:55] "GET /api/data HTTP/1.1" 200 -
10:13:55 | INFO     | 127.0.0.1 - - [13/Jun/2025 10:13:55] "GET /api/status HTTP/1.1" 200 -
10:13:55 | INFO     | 127.0.0.1 - - [13/Jun/2025 10:13:55] "GET /api/status HTTP/1.1" 200 -
10:13:55 | INFO     | 127.0.0.1 - - [13/Jun/2025 10:13:55] "GET /api/data HTTP/1.1" 200 -
10:13:58 | INFO     | Buff搜索全局延迟 5.0秒 (跨平台延迟控制)...
10:14:03 | INFO     | Buff搜索全局延迟 5.0秒 (跨平台延迟控制)...
10:14:03 | INFO     | 🔍 搜索结果 'StatTrak™ USP-S | Stainless (Minimal Wear)': Buff=¥248.47, 悠悠有品=¥251.50
10:14:03 | INFO     | 🔍 开始搜索关键词: Souvenir AUG | Radiation Hazard (Factory New)
10:14:08 | INFO     | Buff搜索全局延迟 5.0秒 (跨平台延迟控制)...
10:14:08 | INFO     | 🔍 搜索结果 'Souvenir P250 | Bone Mask (Minimal Wear)': Buff=¥3.41, 悠悠有品=¥5.79
10:14:08 | INFO     | 🔍 开始搜索关键词: Sticker | Astralis (Gold) | Antwerp 2022
10:14:13 | INFO     | 悠悠有品搜索全局延迟 4.0秒 (跨平台延迟控制)...
10:14:13 | INFO     | 🔍 搜索结果 'Sticker | Ax1Le (Glitter) | Antwerp 2022': Buff=¥0.44, 悠悠有品=¥0.70
10:14:17 | INFO     | 悠悠有品搜索全局延迟 4.0秒 (跨平台延迟控制)...
10:14:21 | INFO     | Buff搜索全局延迟 5.0秒 (跨平台延迟控制)...
10:14:25 | INFO     | 127.0.0.1 - - [13/Jun/2025 10:14:25] "GET /api/data HTTP/1.1" 200 -
10:14:25 | INFO     | 127.0.0.1 - - [13/Jun/2025 10:14:25] "GET /api/status HTTP/1.1" 200 -
10:14:25 | INFO     | 127.0.0.1 - - [13/Jun/2025 10:14:25] "GET /api/status HTTP/1.1" 200 -
10:14:26 | INFO     | Buff搜索全局延迟 5.0秒 (跨平台延迟控制)...
10:14:27 | INFO     | 127.0.0.1 - - [13/Jun/2025 10:14:27] "GET /api/data HTTP/1.1" 200 -
10:14:27 | INFO     | 🔍 搜索结果 'Souvenir AUG | Radiation Hazard (Factory New)': Buff=¥30.09, 悠悠有品=¥34.38
10:14:31 | INFO     | 🔍 搜索结果 'Sticker | Astralis (Gold) | Antwerp 2022': Buff=¥60.00, 悠悠有品=¥68.00
10:14:31 | INFO     | 🔄 增量搜索进度: 5/49
10:14:33 | INFO     | 🔍 开始搜索关键词: Glock-18 | Gamma Doppler (Factory New)
10:14:33 | INFO     | 悠悠有品搜索全局延迟 1.9秒 (跨平台延迟控制)...
10:14:33 | INFO     | 🔍 开始搜索关键词: SG 553 | Integrale (Minimal Wear)
10:14:33 | INFO     | 🔍 开始搜索关键词: MAC-10 | Last Dive (Factory New)
10:14:35 | INFO     | 悠悠有品搜索全局延迟 4.0秒 (跨平台延迟控制)...
10:14:39 | INFO     | 悠悠有品搜索全局延迟 4.0秒 (跨平台延迟控制)...
10:14:43 | INFO     | Buff搜索全局延迟 5.0秒 (跨平台延迟控制)...
10:14:48 | INFO     | Buff搜索全局延迟 5.0秒 (跨平台延迟控制)...
10:14:48 | INFO     | 🔍 搜索结果 'Glock-18 | Gamma Doppler (Factory New)': Buff=¥829.90, 悠悠有品=¥833.50
10:14:48 | INFO     | 🔍 开始搜索关键词: Sticker | buster (Glitter) | Antwerp 2022
10:14:53 | INFO     | Buff搜索全局延迟 5.0秒 (跨平台延迟控制)...
10:14:54 | INFO     | 🔍 搜索结果 'SG 553 | Integrale (Minimal Wear)': Buff=¥137.90, 悠悠有品=¥140.40
10:14:54 | INFO     | 🔍 开始搜索关键词: StatTrak™ AWP | PAW (Field-Tested)
10:14:58 | INFO     | 悠悠有品搜索全局延迟 4.0秒 (跨平台延迟控制)...
10:14:59 | INFO     | 🔍 搜索结果 'MAC-10 | Last Dive (Factory New)': Buff=¥22.80, 悠悠有品=¥23.35
10:15:02 | INFO     | 悠悠有品搜索全局延迟 4.0秒 (跨平台延迟控制)...
10:15:06 | INFO     | Buff搜索全局延迟 5.0秒 (跨平台延迟控制)...
10:15:11 | INFO     | Buff搜索全局延迟 5.0秒 (跨平台延迟控制)...
10:15:11 | INFO     | 🔍 搜索结果 'Sticker | buster (Glitter) | Antwerp 2022': Buff=¥0.37, 悠悠有品=¥1.19
10:15:18 | INFO     | 🔍 搜索结果 'StatTrak™ AWP | PAW (Field-Tested)': Buff=¥31.90, 悠悠有品=¥30.50
10:15:18 | INFO     | 🔄 增量搜索进度: 10/49
10:15:20 | INFO     | 🔍 开始搜索关键词: Five-SeveN | Case Hardened (Minimal Wear)
10:15:20 | INFO     | 悠悠有品搜索全局延迟 0.2秒 (跨平台延迟控制)...
10:15:20 | INFO     | 🔍 开始搜索关键词: Desert Eagle | Printstream (Battle-Scarred)
10:15:20 | INFO     | 🔍 开始搜索关键词: StatTrak™ SSG 08 | Abyss (Factory New)
10:15:20 | INFO     | 悠悠有品搜索全局延迟 4.0秒 (跨平台延迟控制)...
10:15:24 | INFO     | 悠悠有品搜索全局延迟 4.0秒 (跨平台延迟控制)...
10:15:26 | INFO     | 127.0.0.1 - - [13/Jun/2025 10:15:26] "GET /api/data HTTP/1.1" 200 -
10:15:26 | INFO     | 127.0.0.1 - - [13/Jun/2025 10:15:26] "GET /api/status HTTP/1.1" 200 -
10:15:26 | INFO     | 127.0.0.1 - - [13/Jun/2025 10:15:26] "GET /api/status HTTP/1.1" 200 -
10:15:27 | INFO     | 127.0.0.1 - - [13/Jun/2025 10:15:27] "GET /api/data HTTP/1.1" 200 -
10:15:28 | INFO     | Buff搜索全局延迟 5.0秒 (跨平台延迟控制)...
10:15:33 | INFO     | Buff搜索全局延迟 5.0秒 (跨平台延迟控制)...
10:15:33 | INFO     | 🔍 搜索结果 'Five-SeveN | Case Hardened (Minimal Wear)': Buff=¥78.00, 悠悠有品=¥80.99
10:15:33 | INFO     | 🔍 开始搜索关键词: Sticker | refrezh (Holo) | Stockholm 2021
10:15:38 | INFO     | Buff搜索全局延迟 5.0秒 (跨平台延迟控制)...
10:15:39 | INFO     | 🔍 搜索结果 'Desert Eagle | Printstream (Battle-Scarred)': Buff=¥203.00, 悠悠有品=¥205.99
10:15:39 | INFO     | 🔍 开始搜索关键词: Souvenir AUG | Colony (Field-Tested)
10:15:43 | INFO     | 悠悠有品搜索全局延迟 4.0秒 (跨平台延迟控制)...
10:15:45 | INFO     | 🔍 搜索结果 'StatTrak™ SSG 08 | Abyss (Factory New)': Buff=¥83.57, 悠悠有品=¥91.80
10:15:47 | INFO     | 悠悠有品搜索全局延迟 4.0秒 (跨平台延迟控制)...
10:15:51 | INFO     | Buff搜索全局延迟 5.0秒 (跨平台延迟控制)...
10:15:55 | INFO     | 127.0.0.1 - - [13/Jun/2025 10:15:55] "GET /api/data HTTP/1.1" 200 -
10:15:55 | INFO     | 127.0.0.1 - - [13/Jun/2025 10:15:55] "GET /api/status HTTP/1.1" 200 -
10:15:55 | INFO     | 127.0.0.1 - - [13/Jun/2025 10:15:55] "GET /api/status HTTP/1.1" 200 -
10:15:56 | INFO     | Buff搜索全局延迟 5.0秒 (跨平台延迟控制)...
10:15:57 | INFO     | 127.0.0.1 - - [13/Jun/2025 10:15:57] "GET /api/data HTTP/1.1" 200 -
10:15:59 | INFO     | 🔍 搜索结果 'Sticker | refrezh (Holo) | Stockholm 2021': Buff=¥1.61, 悠悠有品=¥2.30
10:16:02 | INFO     | 🔍 搜索结果 'Souvenir AUG | Colony (Field-Tested)': Buff=¥1.74, 悠悠有品=¥2.59
10:16:02 | INFO     | 🔄 增量搜索进度: 15/49
10:16:04 | INFO     | 🔍 开始搜索关键词: Sticker | MOUZ (Holo) | Stockholm 2021
10:16:04 | INFO     | 悠悠有品搜索全局延迟 0.5秒 (跨平台延迟控制)...
10:16:04 | INFO     | 🔍 开始搜索关键词: Glock-18 | Gamma Doppler (Minimal Wear)
10:16:04 | INFO     | 🔍 开始搜索关键词: M4A4 | Desolate Space (Factory New)
10:16:05 | INFO     | 悠悠有品搜索全局延迟 4.0秒 (跨平台延迟控制)...
10:16:09 | INFO     | 悠悠有品搜索全局延迟 4.0秒 (跨平台延迟控制)...
10:16:13 | INFO     | Buff搜索全局延迟 5.0秒 (跨平台延迟控制)...
10:16:18 | INFO     | Buff搜索全局延迟 5.0秒 (跨平台延迟控制)...
10:16:21 | INFO     | 🔍 搜索结果 'Sticker | MOUZ (Holo) | Stockholm 2021': Buff=¥72.58, 悠悠有品=¥72.00
10:16:21 | INFO     | 🔍 开始搜索关键词: Sticker | es3tag (Glitter) | Rio 2022
10:16:23 | INFO     | Buff搜索全局延迟 5.0秒 (跨平台延迟控制)...
10:16:24 | INFO     | 🔍 搜索结果 'Glock-18 | Gamma Doppler (Minimal Wear)': Buff=¥622.50, 悠悠有品=¥626.99
10:16:24 | INFO     | 🔍 开始搜索关键词: Sticker | Ax1Le (Glitter) | Rio 2022
10:16:25 | INFO     | 127.0.0.1 - - [13/Jun/2025 10:16:25] "GET /api/data HTTP/1.1" 200 -
10:16:25 | INFO     | 127.0.0.1 - - [13/Jun/2025 10:16:25] "GET /api/status HTTP/1.1" 200 -
10:16:25 | INFO     | 127.0.0.1 - - [13/Jun/2025 10:16:25] "GET /api/status HTTP/1.1" 200 -
10:16:26 | INFO     | 127.0.0.1 - - [13/Jun/2025 10:16:26] "GET /api/data HTTP/1.1" 200 -
10:16:28 | INFO     | 悠悠有品搜索全局延迟 4.0秒 (跨平台延迟控制)...
10:16:28 | INFO     | 🔍 搜索结果 'M4A4 | Desolate Space (Factory New)': Buff=¥305.00, 悠悠有品=¥319.48
10:16:32 | INFO     | 悠悠有品搜索全局延迟 4.0秒 (跨平台延迟控制)...
10:16:36 | INFO     | Buff搜索全局延迟 5.0秒 (跨平台延迟控制)...
10:16:41 | INFO     | Buff搜索全局延迟 5.0秒 (跨平台延迟控制)...
10:16:44 | INFO     | 🔍 搜索结果 'Sticker | es3tag (Glitter) | Rio 2022': Buff=¥0.59, 悠悠有品=¥0.72
10:16:46 | INFO     | 🔍 搜索结果 'Sticker | Ax1Le (Glitter) | Rio 2022': Buff=¥0.81, 悠悠有品=¥1.20
10:16:46 | INFO     | 🔄 增量搜索进度: 20/49
10:16:48 | INFO     | 🔍 开始搜索关键词: Sticker | arT | Rio 2022
10:16:48 | INFO     | 悠悠有品搜索全局延迟 1.8秒 (跨平台延迟控制)...
10:16:48 | INFO     | 🔍 开始搜索关键词: Sticker | Xyp9x (Glitter) | Antwerp 2022
10:16:48 | INFO     | 🔍 开始搜索关键词: StatTrak™ P250 | Supernova (Factory New)
10:16:50 | INFO     | 悠悠有品搜索全局延迟 4.0秒 (跨平台延迟控制)...
10:16:54 | INFO     | 悠悠有品搜索全局延迟 4.0秒 (跨平台延迟控制)...
10:16:58 | INFO     | Buff搜索全局延迟 5.0秒 (跨平台延迟控制)...
10:17:03 | INFO     | Buff搜索全局延迟 5.0秒 (跨平台延迟控制)...
10:17:06 | INFO     | 🔍 搜索结果 'Sticker | arT | Rio 2022': Buff=¥0.21, 悠悠有品=¥0.39
10:17:06 | INFO     | 🔍 开始搜索关键词: Souvenir Sawed-Off | Brake Light (Factory New)
10:17:08 | INFO     | Buff搜索全局延迟 5.0秒 (跨平台延迟控制)...
10:17:08 | INFO     | 🔍 搜索结果 'Sticker | Xyp9x (Glitter) | Antwerp 2022': Buff=¥0.21, 悠悠有品=¥0.36
10:17:08 | INFO     | 🔍 开始搜索关键词: Desert Eagle | Ocean Drive (Field-Tested)
10:17:13 | INFO     | 悠悠有品搜索全局延迟 4.0秒 (跨平台延迟控制)...
10:17:15 | INFO     | 🔍 搜索结果 'StatTrak™ P250 | Supernova (Factory New)': Buff=¥32.68, 悠悠有品=¥35.10
10:17:17 | INFO     | 悠悠有品搜索全局延迟 4.0秒 (跨平台延迟控制)...
10:17:21 | INFO     | Buff搜索全局延迟 5.0秒 (跨平台延迟控制)...
10:17:26 | INFO     | 127.0.0.1 - - [13/Jun/2025 10:17:26] "GET /api/data HTTP/1.1" 200 -
10:17:26 | INFO     | 127.0.0.1 - - [13/Jun/2025 10:17:26] "GET /api/status HTTP/1.1" 200 -
10:17:26 | INFO     | 127.0.0.1 - - [13/Jun/2025 10:17:26] "GET /api/status HTTP/1.1" 200 -
10:17:26 | INFO     | Buff搜索全局延迟 5.0秒 (跨平台延迟控制)...
10:17:26 | INFO     | 🔍 搜索结果 'Souvenir Sawed-Off | Brake Light (Factory New)': Buff=¥2.25, 悠悠有品=¥3.99
10:17:27 | INFO     | 127.0.0.1 - - [13/Jun/2025 10:17:27] "GET /api/data HTTP/1.1" 200 -
10:17:32 | INFO     | 🔍 搜索结果 'Desert Eagle | Ocean Drive (Field-Tested)': Buff=¥129.15, 悠悠有品=¥129.50
10:17:32 | INFO     | 🔄 增量搜索进度: 25/49
10:17:34 | INFO     | 🔍 开始搜索关键词: Sticker | broky (Glitter) | Antwerp 2022
10:17:34 | INFO     | 悠悠有品搜索全局延迟 0.6秒 (跨平台延迟控制)...
10:17:34 | INFO     | 🔍 开始搜索关键词: M4A4 | Bullet Rain (Minimal Wear)
10:17:34 | INFO     | 🔍 开始搜索关键词: AWP | Asiimov (Field-Tested)
10:17:35 | INFO     | 悠悠有品搜索全局延迟 4.0秒 (跨平台延迟控制)...
10:17:39 | INFO     | 悠悠有品搜索全局延迟 4.0秒 (跨平台延迟控制)...
10:17:43 | INFO     | Buff搜索全局延迟 5.0秒 (跨平台延迟控制)...
10:17:48 | INFO     | Buff搜索全局延迟 5.0秒 (跨平台延迟控制)...
10:17:48 | INFO     | 🔍 搜索结果 'Sticker | broky (Glitter) | Antwerp 2022': Buff=¥0.20, 悠悠有品=¥0.38
10:17:48 | INFO     | 🔍 开始搜索关键词: Sticker | misutaaa (Holo) | Stockholm 2021
10:17:53 | INFO     | Buff搜索全局延迟 5.0秒 (跨平台延迟控制)...
10:17:53 | INFO     | 🔍 搜索结果 'M4A4 | Bullet Rain (Minimal Wear)': Buff=¥215.40, 悠悠有品=¥218.00
10:17:53 | INFO     | 🔍 开始搜索关键词: Sticker | zorte (Glitter) | Antwerp 2022
10:17:55 | INFO     | 127.0.0.1 - - [13/Jun/2025 10:17:55] "GET /api/data HTTP/1.1" 200 -
10:17:55 | INFO     | 127.0.0.1 - - [13/Jun/2025 10:17:55] "GET /api/status HTTP/1.1" 200 -
10:17:55 | INFO     | 127.0.0.1 - - [13/Jun/2025 10:17:55] "GET /api/status HTTP/1.1" 200 -
10:17:55 | INFO     | 127.0.0.1 - - [13/Jun/2025 10:17:55] "GET /api/data HTTP/1.1" 200 -
10:17:58 | INFO     | 悠悠有品搜索全局延迟 4.0秒 (跨平台延迟控制)...
10:17:59 | INFO     | 🔍 搜索结果 'AWP | Asiimov (Field-Tested)': Buff=¥994.50, 悠悠有品=¥1006.99
10:18:02 | INFO     | 悠悠有品搜索全局延迟 4.0秒 (跨平台延迟控制)...
10:18:06 | INFO     | Buff搜索全局延迟 5.0秒 (跨平台延迟控制)...
10:18:11 | INFO     | Buff搜索全局延迟 5.0秒 (跨平台延迟控制)...
10:18:14 | INFO     | 🔍 搜索结果 'Sticker | misutaaa (Holo) | Stockholm 2021': Buff=¥1.59, 悠悠有品=¥1.82
10:18:19 | INFO     | 🔍 搜索结果 'Sticker | zorte (Glitter) | Antwerp 2022': Buff=¥0.06, 悠悠有品=¥0.17
10:18:19 | INFO     | 🔄 增量搜索进度: 30/49
10:18:21 | INFO     | 🔍 开始搜索关键词: Souvenir P90 | Sand Spray (Field-Tested)
10:18:21 | INFO     | 🔍 开始搜索关键词: Souvenir AK-47 | Safari Mesh (Field-Tested)
10:18:21 | INFO     | 悠悠有品搜索全局延迟 4.0秒 (跨平台延迟控制)...
10:18:21 | INFO     | 🔍 开始搜索关键词: Souvenir MAG-7 | Silver (Factory New)
10:18:25 | INFO     | 127.0.0.1 - - [13/Jun/2025 10:18:25] "GET /api/data HTTP/1.1" 200 -
10:18:25 | INFO     | 127.0.0.1 - - [13/Jun/2025 10:18:25] "GET /api/status HTTP/1.1" 200 -
10:18:25 | INFO     | 127.0.0.1 - - [13/Jun/2025 10:18:25] "GET /api/status HTTP/1.1" 200 -
10:18:25 | INFO     | 悠悠有品搜索全局延迟 4.0秒 (跨平台延迟控制)...
10:18:26 | INFO     | 127.0.0.1 - - [13/Jun/2025 10:18:26] "GET /api/data HTTP/1.1" 200 -
10:18:29 | INFO     | Buff搜索全局延迟 5.0秒 (跨平台延迟控制)...
10:18:34 | INFO     | Buff搜索全局延迟 5.0秒 (跨平台延迟控制)...
10:18:36 | INFO     | 🔍 搜索结果 'Souvenir P90 | Sand Spray (Field-Tested)': Buff=¥0.75, 悠悠有品=¥1.10
10:18:36 | INFO     | 🔍 开始搜索关键词: Souvenir Five-SeveN | Contractor (Minimal Wear)
10:18:39 | INFO     | Buff搜索全局延迟 5.0秒 (跨平台延迟控制)...
10:18:39 | INFO     | 🔍 搜索结果 'Souvenir AK-47 | Safari Mesh (Field-Tested)': Buff=¥78.87, 悠悠有品=¥83.90
10:18:39 | INFO     | 🔍 开始搜索关键词: Glock-18 | Neo-Noir (Minimal Wear)
10:18:44 | INFO     | 悠悠有品搜索全局延迟 4.0秒 (跨平台延迟控制)...
10:18:46 | INFO     | 🔍 搜索结果 'Souvenir MAG-7 | Silver (Factory New)': Buff=¥93.31, 悠悠有品=¥96.60
10:18:48 | INFO     | 悠悠有品搜索全局延迟 4.0秒 (跨平台延迟控制)...
10:18:52 | INFO     | Buff搜索全局延迟 5.0秒 (跨平台延迟控制)...
10:18:57 | INFO     | Buff搜索全局延迟 5.0秒 (跨平台延迟控制)...
10:18:59 | INFO     | 🔍 搜索结果 'Souvenir Five-SeveN | Contractor (Minimal Wear)': Buff=¥8.59, 悠悠有品=¥11.99
10:19:04 | INFO     | 🔍 搜索结果 'Glock-18 | Neo-Noir (Minimal Wear)': Buff=¥164.90, 悠悠有品=¥171.38
10:19:04 | INFO     | 🔄 增量搜索进度: 35/49
10:19:06 | INFO     | 🔍 开始搜索关键词: Sticker | TeSeS (Glitter) | Antwerp 2022
10:19:06 | INFO     | 悠悠有品搜索全局延迟 0.3秒 (跨平台延迟控制)...
10:19:06 | INFO     | 🔍 开始搜索关键词: StatTrak™ Desert Eagle | Crimson Web (Field-Tested)
10:19:06 | INFO     | 🔍 开始搜索关键词: Sticker | boltz | Rio 2022
10:19:06 | INFO     | 悠悠有品搜索全局延迟 4.0秒 (跨平台延迟控制)...
10:19:10 | INFO     | 悠悠有品搜索全局延迟 4.0秒 (跨平台延迟控制)...
10:19:14 | INFO     | Buff搜索全局延迟 5.0秒 (跨平台延迟控制)...
10:19:19 | INFO     | Buff搜索全局延迟 5.0秒 (跨平台延迟控制)...
10:19:19 | INFO     | 🔍 搜索结果 'Sticker | TeSeS (Glitter) | Antwerp 2022': Buff=¥0.34, 悠悠有品=¥0.50
10:19:19 | INFO     | 🔍 开始搜索关键词: Sticker | Boombl4 | Berlin 2019
10:19:24 | INFO     | Buff搜索全局延迟 5.0秒 (跨平台延迟控制)...
10:19:24 | INFO     | 🔍 搜索结果 'StatTrak™ Desert Eagle | Crimson Web (Field-Tested)': Buff=¥137.90, 悠悠有品=¥149.50
10:19:24 | INFO     | 🔍 开始搜索关键词: Sticker | max (Glitter) | Antwerp 2022
10:19:26 | INFO     | 127.0.0.1 - - [13/Jun/2025 10:19:26] "GET /api/data HTTP/1.1" 200 -
10:19:26 | INFO     | 127.0.0.1 - - [13/Jun/2025 10:19:26] "GET /api/status HTTP/1.1" 200 -
10:19:26 | INFO     | 127.0.0.1 - - [13/Jun/2025 10:19:26] "GET /api/status HTTP/1.1" 200 -
10:19:26 | INFO     | 127.0.0.1 - - [13/Jun/2025 10:19:26] "GET /api/data HTTP/1.1" 200 -
10:19:29 | INFO     | 悠悠有品搜索全局延迟 4.0秒 (跨平台延迟控制)...
10:19:32 | INFO     | 🔍 搜索结果 'Sticker | boltz | Rio 2022': Buff=¥0.81, 悠悠有品=¥1.25
10:19:33 | INFO     | 悠悠有品搜索全局延迟 4.0秒 (跨平台延迟控制)...
10:19:37 | INFO     | Buff搜索全局延迟 5.0秒 (跨平台延迟控制)...
10:19:42 | INFO     | Buff搜索全局延迟 5.0秒 (跨平台延迟控制)...
10:19:42 | INFO     | 🔍 搜索结果 'Sticker | Boombl4 | Berlin 2019': Buff=¥0.60, 悠悠有品=¥0.83
10:19:50 | INFO     | 🔍 搜索结果 'Sticker | max (Glitter) | Antwerp 2022': Buff=¥2.18, 悠悠有品=¥2.88
10:19:50 | INFO     | 🔄 增量搜索进度: 40/49
10:19:52 | INFO     | 🔍 开始搜索关键词: Souvenir P250 | Gunsmoke (Minimal Wear)
10:19:52 | INFO     | 🔍 开始搜索关键词: Sticker | sh1ro (Glitter) | Antwerp 2022
10:19:52 | INFO     | 悠悠有品搜索全局延迟 4.0秒 (跨平台延迟控制)...
10:19:52 | INFO     | 🔍 开始搜索关键词: StatTrak™ P250 | Verdigris (Battle-Scarred)
10:19:56 | INFO     | 悠悠有品搜索全局延迟 4.0秒 (跨平台延迟控制)...
10:20:00 | INFO     | Buff搜索全局延迟 5.0秒 (跨平台延迟控制)...
10:20:05 | INFO     | Buff搜索全局延迟 5.0秒 (跨平台延迟控制)...
10:20:07 | INFO     | 🔍 搜索结果 'Souvenir P250 | Gunsmoke (Minimal Wear)': Buff=¥32.99, 悠悠有品=¥36.68
10:20:07 | INFO     | 🔍 开始搜索关键词: Sticker | CR4ZY | Berlin 2019
10:20:10 | INFO     | Buff搜索全局延迟 5.0秒 (跨平台延迟控制)...
10:20:13 | INFO     | 🔍 搜索结果 'Sticker | sh1ro (Glitter) | Antwerp 2022': Buff=¥0.99, 悠悠有品=¥1.46
10:20:13 | INFO     | 🔍 开始搜索关键词: Sticker | Aleksib | Berlin 2019
10:20:15 | INFO     | 悠悠有品搜索全局延迟 4.0秒 (跨平台延迟控制)...
10:20:17 | INFO     | 🔍 搜索结果 'StatTrak™ P250 | Verdigris (Battle-Scarred)': Buff=¥3.40, 悠悠有品=¥4.42
10:20:19 | INFO     | 悠悠有品搜索全局延迟 4.0秒 (跨平台延迟控制)...
10:20:23 | INFO     | Buff搜索全局延迟 5.0秒 (跨平台延迟控制)...
10:20:27 | INFO     | 127.0.0.1 - - [13/Jun/2025 10:20:27] "GET /api/data HTTP/1.1" 200 -
10:20:27 | INFO     | 127.0.0.1 - - [13/Jun/2025 10:20:27] "GET /api/status HTTP/1.1" 200 -
10:20:27 | INFO     | 127.0.0.1 - - [13/Jun/2025 10:20:27] "GET /api/status HTTP/1.1" 200 -
10:20:27 | INFO     | 127.0.0.1 - - [13/Jun/2025 10:20:27] "GET /api/data HTTP/1.1" 200 -
10:20:28 | INFO     | Buff搜索全局延迟 5.0秒 (跨平台延迟控制)...
10:20:31 | INFO     | 🔍 搜索结果 'Sticker | CR4ZY | Berlin 2019': Buff=¥3.50, 悠悠有品=¥3.30
10:20:36 | INFO     | 🔍 搜索结果 'Sticker | Aleksib | Berlin 2019': Buff=¥0.78, 悠悠有品=¥1.03
10:20:36 | INFO     | 🔄 增量搜索进度: 45/49
10:20:38 | INFO     | 🔍 开始搜索关键词: Souvenir Glock-18 | Groundwater (Field-Tested)
10:20:38 | INFO     | 🔍 开始搜索关键词: Souvenir USP-S | Royal Blue (Field-Tested)
10:20:38 | INFO     | 悠悠有品搜索全局延迟 4.0秒 (跨平台延迟控制)...
10:20:38 | INFO     | 🔍 开始搜索关键词: Souvenir Five-SeveN | Contractor (Field-Tested)
10:20:42 | INFO     | 悠悠有品搜索全局延迟 4.0秒 (跨平台延迟控制)...
10:20:46 | INFO     | Buff搜索全局延迟 5.0秒 (跨平台延迟控制)...
10:20:51 | INFO     | Buff搜索全局延迟 5.0秒 (跨平台延迟控制)...
10:20:53 | INFO     | 🔍 搜索结果 'Souvenir Glock-18 | Groundwater (Field-Tested)': Buff=¥27.98, 悠悠有品=¥31.50
10:20:53 | INFO     | 🔍 开始搜索关键词: Sticker | Twistzz (Glitter) | Antwerp 2022
10:20:56 | INFO     | Buff搜索全局延迟 5.0秒 (跨平台延迟控制)...
10:20:58 | INFO     | 🔍 搜索结果 'Souvenir USP-S | Royal Blue (Field-Tested)': Buff=¥93.28, 悠悠有品=¥99.00
10:21:01 | INFO     | 悠悠有品搜索全局延迟 4.0秒 (跨平台延迟控制)...
10:21:02 | INFO     | 🔍 搜索结果 'Souvenir Five-SeveN | Contractor (Field-Tested)': Buff=¥2.30, 悠悠有品=¥3.08
10:21:05 | INFO     | Buff搜索全局延迟 4.8秒 (跨平台延迟控制)...
10:21:13 | INFO     | 🔍 搜索结果 'Sticker | Twistzz (Glitter) | Antwerp 2022': Buff=¥0.69, 悠悠有品=¥0.97
10:21:13 | INFO     | 🔄 增量搜索进度: 49/49
10:21:15 | INFO     | 📊 增量搜索完成: 获取到 49 个Buff商品, 49 个悠悠有品商品
10:21:18 | INFO     | 🔍 准备更新Buff数据: 49 个搜索结果
10:21:18 | INFO     | 🔍 ID匹配统计: 检查了 24572 个全量商品, 匹配到 51 个
10:21:25 | INFO     | 📁 Buff数据文件已更新: 51 个商品
10:21:27 | INFO     | 🔍 准备更新悠悠有品数据: 49 个搜索结果
10:21:27 | INFO     | 🔍 悠悠有品匹配统计: 检查了 24186 个全量商品, 匹配到 58 个
10:21:28 | INFO     | 127.0.0.1 - - [13/Jun/2025 10:21:28] "GET /api/data HTTP/1.1" 200 -
10:21:28 | INFO     | 127.0.0.1 - - [13/Jun/2025 10:21:28] "GET /api/status HTTP/1.1" 200 -
10:21:28 | INFO     | 127.0.0.1 - - [13/Jun/2025 10:21:28] "GET /api/status HTTP/1.1" 200 -
10:21:28 | INFO     | 127.0.0.1 - - [13/Jun/2025 10:21:28] "GET /api/data HTTP/1.1" 200 -
10:21:30 | INFO     | 📁 悠悠有品数据文件已更新: 58 个商品
10:21:30 | INFO     | 📁 全量数据文件更新完成: 109 个商品已更新
10:21:30 | INFO     | 📂 找到新版全量数据文件: buff_full.json, youpin_full.json
10:21:30 | INFO     | 🔄 基于更新后的全量数据重新分析价差...
10:21:30 | INFO     | 🔄 开始从已保存数据重新筛选...
10:21:30 | INFO     | 📂 找到新版全量数据文件: buff_full.json, youpin_full.json
10:21:32 | INFO     | ✅ 加载数据文件: buff_full.json (24572个商品)
10:21:32 | INFO     | ✅ 加载数据文件: youpin_full.json (24186个商品)
10:21:32 | INFO     | 📊 加载数据: Buff 24572个, 悠悠有品 24186个
10:21:32 | INFO     | 📈 建立映射表: Hash映射22582个, 名称映射22579个
10:21:32 | INFO     | 🔥 开始第一步筛选：价格区间 0.0-1000.0元
10:21:33 | INFO     |    第一步完成：3794个商品被价格筛选过滤，剩余20695个
10:21:33 | INFO     | 🔥 开始第二步筛选：在售数量 ≥200个
10:21:33 | INFO     |    第二步完成：16194个商品被在售数量筛选过滤，剩余4501个
10:21:33 | INFO     | 🚀 性能优化：预建规范化映射表...
10:21:33 | INFO     | ✅ 映射表建立完成：22582个规范化键
10:21:33 | INFO     | 🔥 开始匹配阶段：处理4501个通过筛选的商品
10:21:33 | INFO     |    匹配进度: 1000/4501 (90922个/秒)
10:21:33 | INFO     |    匹配进度: 2000/4501 (79943个/秒)
10:21:33 | INFO     |    匹配进度: 3000/4501 (74989个/秒)
10:21:33 | INFO     |    匹配进度: 4000/4501 (79995个/秒)
10:21:33 | INFO     | ✅ 匹配阶段完成：耗时 0.06秒，处理速度 78950个/秒
10:21:33 | INFO     | 📊 筛选统计:
10:21:33 | INFO     |    处理商品: 24572个
10:21:33 | INFO     |    🔥 第一步-价格筛选: 过滤3794个 → 剩余20695个
10:21:33 | INFO     |    🔥 第二步-在售数量筛选: 过滤16194个 → 剩余4501个
10:21:33 | INFO     |    找到匹配: 3871个 (匹配率:86.0%)
10:21:33 | INFO     |    🎯 匹配类型分布:
10:21:33 | INFO     |       精确匹配: 3871个
10:21:33 | INFO     |       规范化匹配: 0个
10:21:33 | INFO     |       武器名称匹配: 0个
10:21:33 | INFO     |       模糊匹配: 0个
10:21:33 | INFO     |       未匹配: 630个
10:21:33 | INFO     |    符合价差条件: 607个
10:21:33 | INFO     | ✅ 重新筛选完成: 符合条件的商品 607个
10:21:33 | INFO     | HashName缓存已保存: 554个（含利润率信息）
10:21:33 | INFO     | HashName缓存已更新: 554个关键词
10:21:33 | INFO     |    📈 利润率范围: 3.13% ~ 22162.16%
10:21:33 | INFO     |    📊 平均利润率: 810.89%
10:21:33 | INFO     | 🎯 增量更新完成: 分析出 607 个符合条件的商品
10:21:33 | INFO     | ✅ 完成分析: incremental_update (ID: incremental_update_1749780827), 耗时: 466.2秒
10:21:33 | INFO     | ✅ 增量更新完成: 基于最新数据分析出 607 个符合条件的商品
10:21:54 | INFO     | 127.0.0.1 - - [13/Jun/2025 10:21:54] "GET /api/status HTTP/1.1" 200 -
10:21:54 | INFO     | 127.0.0.1 - - [13/Jun/2025 10:21:54] "GET /api/data HTTP/1.1" 200 -
10:21:54 | INFO     | 127.0.0.1 - - [13/Jun/2025 10:21:54] "GET /api/status HTTP/1.1" 200 -
10:21:54 | INFO     | 127.0.0.1 - - [13/Jun/2025 10:21:54] "GET /api/data HTTP/1.1" 200 -
10:21:58 | INFO     | 127.0.0.1 - - [13/Jun/2025 10:21:58] "GET / HTTP/1.1" 200 -
10:21:59 | INFO     | 127.0.0.1 - - [13/Jun/2025 10:21:59] "GET /api/settings HTTP/1.1" 200 -
10:21:59 | INFO     | 127.0.0.1 - - [13/Jun/2025 10:21:59] "GET /api/data HTTP/1.1" 200 -
10:21:59 | INFO     | 127.0.0.1 - - [13/Jun/2025 10:21:59] "GET /api/status HTTP/1.1" 200 -
10:21:59 | INFO     | 127.0.0.1 - - [13/Jun/2025 10:21:59] "GET /api/status HTTP/1.1" 200 -
10:22:00 | INFO     | 127.0.0.1 - - [13/Jun/2025 10:22:00] "GET /api/settings HTTP/1.1" 200 -
10:22:00 | INFO     | 127.0.0.1 - - [13/Jun/2025 10:22:00] "GET /api/price_range HTTP/1.1" 200 -
10:22:00 | INFO     | 127.0.0.1 - - [13/Jun/2025 10:22:00] "GET /api/buff_price_range HTTP/1.1" 200 -
10:22:00 | INFO     | 127.0.0.1 - - [13/Jun/2025 10:22:00] "GET /api/buff_sell_num HTTP/1.1" 200 -
10:22:01 | INFO     | 127.0.0.1 - - [13/Jun/2025 10:22:01] "[33mGET /.well-known/appspecific/com.chrome.devtools.json HTTP/1.1[0m" 404 -
10:22:05 | INFO     | 127.0.0.1 - - [13/Jun/2025 10:22:05] "GET / HTTP/1.1" 200 -
10:22:05 | INFO     | 127.0.0.1 - - [13/Jun/2025 10:22:05] "[33mGET /.well-known/appspecific/com.chrome.devtools.json HTTP/1.1[0m" 404 -
10:22:05 | INFO     | 127.0.0.1 - - [13/Jun/2025 10:22:05] "GET /api/settings HTTP/1.1" 200 -
10:22:05 | INFO     | 127.0.0.1 - - [13/Jun/2025 10:22:05] "GET /api/data HTTP/1.1" 200 -
10:22:05 | INFO     | 127.0.0.1 - - [13/Jun/2025 10:22:05] "GET /api/status HTTP/1.1" 200 -
10:22:05 | INFO     | 127.0.0.1 - - [13/Jun/2025 10:22:05] "GET /api/settings HTTP/1.1" 200 -
10:22:05 | INFO     | 127.0.0.1 - - [13/Jun/2025 10:22:05] "GET /api/status HTTP/1.1" 200 -
10:22:06 | INFO     | 127.0.0.1 - - [13/Jun/2025 10:22:06] "GET /api/price_range HTTP/1.1" 200 -
10:22:06 | INFO     | 127.0.0.1 - - [13/Jun/2025 10:22:06] "GET /api/buff_price_range HTTP/1.1" 200 -
10:22:06 | INFO     | 127.0.0.1 - - [13/Jun/2025 10:22:06] "GET /api/data HTTP/1.1" 200 -
10:22:06 | INFO     | 127.0.0.1 - - [13/Jun/2025 10:22:06] "GET /api/price_range HTTP/1.1" 200 -
10:22:07 | INFO     | 127.0.0.1 - - [13/Jun/2025 10:22:07] "GET /api/buff_sell_num HTTP/1.1" 200 -
10:22:07 | INFO     | 127.0.0.1 - - [13/Jun/2025 10:22:07] "GET /api/buff_price_range HTTP/1.1" 200 -
10:22:07 | INFO     | 127.0.0.1 - - [13/Jun/2025 10:22:07] "GET /api/buff_sell_num HTTP/1.1" 200 -
10:22:35 | INFO     | 127.0.0.1 - - [13/Jun/2025 10:22:35] "GET /api/data HTTP/1.1" 200 -
10:22:35 | INFO     | 127.0.0.1 - - [13/Jun/2025 10:22:35] "GET /api/status HTTP/1.1" 200 -
10:22:35 | INFO     | 127.0.0.1 - - [13/Jun/2025 10:22:35] "GET /api/status HTTP/1.1" 200 -
10:22:36 | INFO     | 127.0.0.1 - - [13/Jun/2025 10:22:36] "GET /api/data HTTP/1.1" 200 -
10:22:37 | INFO     | 127.0.0.1 - - [13/Jun/2025 10:22:37] "GET /api/data HTTP/1.1" 200 -
10:23:05 | INFO     | 127.0.0.1 - - [13/Jun/2025 10:23:05] "GET /api/data HTTP/1.1" 200 -
10:23:05 | INFO     | 127.0.0.1 - - [13/Jun/2025 10:23:05] "GET /api/status HTTP/1.1" 200 -
10:23:05 | INFO     | 127.0.0.1 - - [13/Jun/2025 10:23:05] "GET /api/status HTTP/1.1" 200 -
10:23:06 | INFO     | 127.0.0.1 - - [13/Jun/2025 10:23:06] "GET /api/data HTTP/1.1" 200 -
10:23:35 | INFO     | 127.0.0.1 - - [13/Jun/2025 10:23:35] "GET /api/data HTTP/1.1" 200 -
10:23:35 | INFO     | 127.0.0.1 - - [13/Jun/2025 10:23:35] "GET /api/status HTTP/1.1" 200 -
10:23:35 | INFO     | 127.0.0.1 - - [13/Jun/2025 10:23:35] "GET /api/status HTTP/1.1" 200 -
10:23:36 | INFO     | 127.0.0.1 - - [13/Jun/2025 10:23:36] "GET /api/data HTTP/1.1" 200 -
10:23:47 | INFO     | 🔄 开始增量更新
10:23:47 | INFO     | 🚀 启动分析: incremental_update (ID: incremental_update_1749781427)
10:23:47 | INFO     | 📂 找到新版全量数据文件: buff_full.json, youpin_full.json
10:23:47 | INFO     | 🔄 开始从已保存数据重新筛选...
10:23:47 | INFO     | 📂 找到新版全量数据文件: buff_full.json, youpin_full.json
10:23:48 | INFO     | ✅ 加载数据文件: buff_full.json (24572个商品)
10:23:49 | INFO     | ✅ 加载数据文件: youpin_full.json (24186个商品)
10:23:49 | INFO     | 📊 加载数据: Buff 24572个, 悠悠有品 24186个
10:23:49 | INFO     | 📈 建立映射表: Hash映射22582个, 名称映射22579个
10:23:49 | INFO     | 🔥 开始第一步筛选：价格区间 0.0-1000.0元
10:23:49 | INFO     |    第一步完成：3794个商品被价格筛选过滤，剩余20695个
10:23:49 | INFO     | 🔥 开始第二步筛选：在售数量 ≥200个
10:23:49 | INFO     |    第二步完成：16194个商品被在售数量筛选过滤，剩余4501个
10:23:49 | INFO     | 🚀 性能优化：预建规范化映射表...
10:23:50 | INFO     | ✅ 映射表建立完成：22582个规范化键
10:23:50 | INFO     | 🔥 开始匹配阶段：处理4501个通过筛选的商品
10:23:50 | INFO     |    匹配进度: 1000/4501 (66590个/秒)
10:23:50 | INFO     |    匹配进度: 2000/4501 (60605个/秒)
10:23:50 | INFO     |    匹配进度: 3000/4501 (55544个/秒)
10:23:50 | INFO     |    匹配进度: 4000/4501 (58820个/秒)
10:23:50 | INFO     | ✅ 匹配阶段完成：耗时 0.08秒，处理速度 60011个/秒
10:23:50 | INFO     | 📊 筛选统计:
10:23:50 | INFO     |    处理商品: 24572个
10:23:50 | INFO     |    🔥 第一步-价格筛选: 过滤3794个 → 剩余20695个
10:23:50 | INFO     |    🔥 第二步-在售数量筛选: 过滤16194个 → 剩余4501个
10:23:50 | INFO     |    找到匹配: 3871个 (匹配率:86.0%)
10:23:50 | INFO     |    🎯 匹配类型分布:
10:23:50 | INFO     |       精确匹配: 3871个
10:23:50 | INFO     |       规范化匹配: 0个
10:23:50 | INFO     |       武器名称匹配: 0个
10:23:50 | INFO     |       模糊匹配: 0个
10:23:50 | INFO     |       未匹配: 630个
10:23:50 | INFO     |    符合价差条件: 607个
10:23:50 | INFO     | ✅ 重新筛选完成: 符合条件的商品 607个
10:23:50 | INFO     | 🎯 增量搜索关键词（利润率前25 + 差价前25）:
10:23:50 | INFO     |    📊 从554个中选择49个
10:23:50 | INFO     |    📈 利润率范围: 2900.76% ~ 22162.16%
10:23:50 | INFO     |    🔝 利润率前5个商品:
10:23:50 | INFO     |       1. Sticker | buster (Glitter) | Antwerp 2022 (22162.16%)
10:23:50 | INFO     |       2. Sticker | zorte (Glitter) | Antwerp 2022 (18333.33%)
10:23:50 | INFO     |       3. Sticker | broky (Glitter) | Antwerp 2022 (9000.00%)
10:23:50 | INFO     |       4. Sticker | arT | Rio 2022 (8571.43%)
10:23:50 | INFO     |       5. Souvenir Sawed-Off | Brake Light (Factory New) (7733.33%)
10:23:50 | INFO     |    💰 差价前5个商品:
10:23:50 | INFO     |       1. M4A4 | Desolate Space (Factory New) (差价: ¥14.48)
10:23:50 | INFO     |       2. AWP | Asiimov (Field-Tested) (差价: ¥12.49)
10:23:50 | INFO     |       3. StatTrak™ Desert Eagle | Crimson Web (Field-Tested) (差价: ¥11.60)
10:23:50 | INFO     |       4. StatTrak™ SSG 08 | Abyss (Factory New) (差价: ¥8.23)
10:23:50 | INFO     |       5. Sticker | Astralis (Gold) | Antwerp 2022 (差价: ¥8.00)
10:23:50 | INFO     | 🔍 开始增量更新: 搜索 49 个商品的最新价格
10:23:50 | INFO     | Token配置已加载: tokens_config.json
10:23:50 | INFO     | Token配置已加载: tokens_config.json
10:23:50 | INFO     | 🔍 开始搜索关键词: StatTrak™ USP-S | Stainless (Minimal Wear)
10:23:50 | INFO     | 🔍 开始搜索关键词: Souvenir P250 | Bone Mask (Minimal Wear)
10:23:50 | INFO     | 悠悠有品搜索全局延迟 4.0秒 (跨平台延迟控制)...
10:23:50 | INFO     | 🔍 开始搜索关键词: Sticker | Ax1Le (Glitter) | Antwerp 2022
10:23:50 | INFO     | 悠悠有品搜索全局延迟 4.0秒 (跨平台延迟控制)...
10:23:54 | INFO     | Buff搜索全局延迟 5.0秒 (跨平台延迟控制)...
10:23:59 | INFO     | Buff搜索全局延迟 5.0秒 (跨平台延迟控制)...
10:24:01 | INFO     | 🔍 搜索结果 'StatTrak™ USP-S | Stainless (Minimal Wear)': Buff=¥248.47, 悠悠有品=¥251.50
10:24:01 | INFO     | 🔍 开始搜索关键词: Souvenir AUG | Radiation Hazard (Factory New)
10:24:04 | INFO     | Buff搜索全局延迟 5.0秒 (跨平台延迟控制)...
10:24:05 | INFO     | 127.0.0.1 - - [13/Jun/2025 10:24:05] "GET /api/data HTTP/1.1" 200 -
10:24:05 | INFO     | 127.0.0.1 - - [13/Jun/2025 10:24:05] "GET /api/status HTTP/1.1" 200 -
10:24:05 | INFO     | 127.0.0.1 - - [13/Jun/2025 10:24:05] "GET /api/status HTTP/1.1" 200 -
10:24:06 | INFO     | 127.0.0.1 - - [13/Jun/2025 10:24:06] "GET /api/data HTTP/1.1" 200 -
10:24:07 | INFO     | 🔍 搜索结果 'Sticker | Ax1Le (Glitter) | Antwerp 2022': Buff=¥0.44, 悠悠有品=¥0.70
10:24:07 | INFO     | 🔍 开始搜索关键词: Sticker | Astralis (Gold) | Antwerp 2022
10:24:09 | INFO     | 悠悠有品搜索全局延迟 4.0秒 (跨平台延迟控制)...
10:24:11 | INFO     | 🔍 搜索结果 'Souvenir P250 | Bone Mask (Minimal Wear)': Buff=¥3.41, 悠悠有品=¥5.79
10:24:13 | INFO     | 悠悠有品搜索全局延迟 4.0秒 (跨平台延迟控制)...
10:24:17 | INFO     | Buff搜索全局延迟 5.0秒 (跨平台延迟控制)...
10:24:22 | INFO     | Buff搜索全局延迟 5.0秒 (跨平台延迟控制)...
10:24:22 | INFO     | 🔍 搜索结果 'Souvenir AUG | Radiation Hazard (Factory New)': Buff=¥29.99, 悠悠有品=¥34.38
10:24:30 | INFO     | 🔍 搜索结果 'Sticker | Astralis (Gold) | Antwerp 2022': Buff=¥60.00, 悠悠有品=¥68.00
10:24:30 | INFO     | 🔄 增量搜索进度: 5/49
10:24:32 | INFO     | 🔍 开始搜索关键词: Glock-18 | Gamma Doppler (Factory New)
10:24:32 | INFO     | 🔍 开始搜索关键词: Souvenir Galil AR | Hunting Blind (Factory New)
10:24:32 | INFO     | 悠悠有品搜索全局延迟 4.0秒 (跨平台延迟控制)...
10:24:32 | INFO     | 🔍 开始搜索关键词: Sticker | buster (Glitter) | Antwerp 2022
10:24:36 | INFO     | 127.0.0.1 - - [13/Jun/2025 10:24:36] "GET /api/data HTTP/1.1" 200 -
10:24:36 | INFO     | 127.0.0.1 - - [13/Jun/2025 10:24:36] "GET /api/status HTTP/1.1" 200 -
10:24:36 | INFO     | 127.0.0.1 - - [13/Jun/2025 10:24:36] "GET /api/status HTTP/1.1" 200 -
10:24:36 | INFO     | 悠悠有品搜索全局延迟 4.0秒 (跨平台延迟控制)...
10:24:36 | INFO     | 127.0.0.1 - - [13/Jun/2025 10:24:36] "GET /api/data HTTP/1.1" 200 -
10:24:40 | INFO     | Buff搜索全局延迟 5.0秒 (跨平台延迟控制)...
10:24:45 | INFO     | Buff搜索全局延迟 5.0秒 (跨平台延迟控制)...
10:24:45 | INFO     | 🔍 搜索结果 'Glock-18 | Gamma Doppler (Factory New)': Buff=¥829.90, 悠悠有品=¥834.50
10:24:45 | INFO     | 🔍 开始搜索关键词: Five-SeveN | Case Hardened (Minimal Wear)
10:24:50 | INFO     | Buff搜索全局延迟 5.0秒 (跨平台延迟控制)...
10:24:52 | INFO     | 🔍 搜索结果 'Souvenir Galil AR | Hunting Blind (Factory New)': Buff=¥25.29, 悠悠有品=¥29.40
10:24:52 | INFO     | 🔍 开始搜索关键词: Desert Eagle | Printstream (Battle-Scarred)
10:24:55 | INFO     | 悠悠有品搜索全局延迟 4.0秒 (跨平台延迟控制)...
10:24:58 | INFO     | 🔍 搜索结果 'Sticker | buster (Glitter) | Antwerp 2022': Buff=¥0.37, 悠悠有品=¥1.19
10:24:59 | INFO     | 悠悠有品搜索全局延迟 4.0秒 (跨平台延迟控制)...
10:25:03 | INFO     | Buff搜索全局延迟 5.0秒 (跨平台延迟控制)...
10:25:06 | INFO     | 127.0.0.1 - - [13/Jun/2025 10:25:06] "GET /api/data HTTP/1.1" 200 -
10:25:06 | INFO     | 127.0.0.1 - - [13/Jun/2025 10:25:06] "GET /api/status HTTP/1.1" 200 -
10:25:06 | INFO     | 127.0.0.1 - - [13/Jun/2025 10:25:06] "GET /api/status HTTP/1.1" 200 -
10:25:06 | INFO     | 127.0.0.1 - - [13/Jun/2025 10:25:06] "GET /api/data HTTP/1.1" 200 -
10:25:08 | INFO     | Buff搜索全局延迟 5.0秒 (跨平台延迟控制)...
10:25:09 | INFO     | 🔍 搜索结果 'Five-SeveN | Case Hardened (Minimal Wear)': Buff=¥78.00, 悠悠有品=¥80.99
10:25:13 | INFO     | 🔍 搜索结果 'Desert Eagle | Printstream (Battle-Scarred)': Buff=¥203.00, 悠悠有品=¥205.99
10:25:13 | INFO     | 🔄 增量搜索进度: 10/49
10:25:15 | INFO     | 🔍 开始搜索关键词: Sticker | Jerry (Holo) | Antwerp 2022
10:25:15 | INFO     | 悠悠有品搜索全局延迟 1.8秒 (跨平台延迟控制)...
10:25:15 | INFO     | 🔍 开始搜索关键词: StatTrak™ SSG 08 | Abyss (Factory New)
10:25:15 | INFO     | 🔍 开始搜索关键词: SG 553 | Cyrex (Field-Tested)
10:25:17 | INFO     | 悠悠有品搜索全局延迟 4.0秒 (跨平台延迟控制)...
10:25:21 | INFO     | 悠悠有品搜索全局延迟 4.0秒 (跨平台延迟控制)...
10:25:25 | INFO     | Buff搜索全局延迟 5.0秒 (跨平台延迟控制)...
10:25:30 | INFO     | Buff搜索全局延迟 5.0秒 (跨平台延迟控制)...
10:25:33 | INFO     | 🔍 搜索结果 'Sticker | Jerry (Holo) | Antwerp 2022': Buff=¥1.11, 悠悠有品=¥1.65
10:25:33 | INFO     | 🔍 开始搜索关键词: Sticker | refrezh (Holo) | Stockholm 2021
10:25:35 | INFO     | Buff搜索全局延迟 5.0秒 (跨平台延迟控制)...
10:25:35 | INFO     | 🔍 搜索结果 'StatTrak™ SSG 08 | Abyss (Factory New)': Buff=¥83.57, 悠悠有品=¥91.80
10:25:35 | INFO     | 🔍 开始搜索关键词: M4A4 | X-Ray (Minimal Wear)
10:25:36 | INFO     | 127.0.0.1 - - [13/Jun/2025 10:25:36] "GET /api/data HTTP/1.1" 200 -
10:25:36 | INFO     | 127.0.0.1 - - [13/Jun/2025 10:25:36] "GET /api/status HTTP/1.1" 200 -
10:25:36 | INFO     | 127.0.0.1 - - [13/Jun/2025 10:25:36] "GET /api/status HTTP/1.1" 200 -
10:25:36 | INFO     | 127.0.0.1 - - [13/Jun/2025 10:25:36] "GET /api/data HTTP/1.1" 200 -
10:25:40 | INFO     | 悠悠有品搜索全局延迟 4.0秒 (跨平台延迟控制)...
10:25:41 | INFO     | 🔍 搜索结果 'SG 553 | Cyrex (Field-Tested)': Buff=¥31.00, 悠悠有品=¥33.81
10:25:44 | INFO     | 悠悠有品搜索全局延迟 4.0秒 (跨平台延迟控制)...
10:25:48 | INFO     | Buff搜索全局延迟 5.0秒 (跨平台延迟控制)...
10:25:53 | INFO     | Buff搜索全局延迟 5.0秒 (跨平台延迟控制)...
10:25:53 | INFO     | 🔍 搜索结果 'Sticker | refrezh (Holo) | Stockholm 2021': Buff=¥1.61, 悠悠有品=¥2.30
10:26:00 | INFO     | 🔍 搜索结果 'M4A4 | X-Ray (Minimal Wear)': Buff=¥178.00, 悠悠有品=¥174.50
10:26:00 | INFO     | 🔄 增量搜索进度: 15/49
10:26:02 | INFO     | 🔍 开始搜索关键词: Souvenir AUG | Colony (Field-Tested)
10:26:02 | INFO     | 悠悠有品搜索全局延迟 0.3秒 (跨平台延迟控制)...
10:26:02 | INFO     | 🔍 开始搜索关键词: M4A4 | Desolate Space (Factory New)
10:26:02 | INFO     | 🔍 开始搜索关键词: Glock-18 | Gamma Doppler (Minimal Wear)
10:26:02 | INFO     | 悠悠有品搜索全局延迟 4.0秒 (跨平台延迟控制)...
10:26:06 | INFO     | 悠悠有品搜索全局延迟 4.0秒 (跨平台延迟控制)...
10:26:10 | INFO     | Buff搜索全局延迟 5.0秒 (跨平台延迟控制)...
10:26:15 | INFO     | Buff搜索全局延迟 5.0秒 (跨平台延迟控制)...
10:26:16 | INFO     | 🔍 搜索结果 'Souvenir AUG | Colony (Field-Tested)': Buff=¥1.74, 悠悠有品=¥2.59
10:26:16 | INFO     | 🔍 开始搜索关键词: Souvenir Glock-18 | Groundwater (Field-Tested)
10:26:20 | INFO     | Buff搜索全局延迟 5.0秒 (跨平台延迟控制)...
10:26:21 | INFO     | 🔍 搜索结果 'M4A4 | Desolate Space (Factory New)': Buff=¥330.00, 悠悠有品=¥320.00
10:26:21 | INFO     | 🔍 开始搜索关键词: Sticker | Ax1Le (Glitter) | Rio 2022
10:26:25 | INFO     | 悠悠有品搜索全局延迟 4.0秒 (跨平台延迟控制)...
10:26:26 | INFO     | 🔍 搜索结果 'Glock-18 | Gamma Doppler (Minimal Wear)': Buff=¥622.50, 悠悠有品=¥629.50
10:26:29 | INFO     | 悠悠有品搜索全局延迟 4.0秒 (跨平台延迟控制)...
10:26:33 | INFO     | Buff搜索全局延迟 5.0秒 (跨平台延迟控制)...
10:26:37 | INFO     | 127.0.0.1 - - [13/Jun/2025 10:26:37] "GET /api/data HTTP/1.1" 200 -
10:26:37 | INFO     | 127.0.0.1 - - [13/Jun/2025 10:26:37] "GET /api/status HTTP/1.1" 200 -
10:26:37 | INFO     | 127.0.0.1 - - [13/Jun/2025 10:26:37] "GET /api/status HTTP/1.1" 200 -
10:26:37 | INFO     | 127.0.0.1 - - [13/Jun/2025 10:26:37] "GET /api/data HTTP/1.1" 200 -
10:26:38 | INFO     | Buff搜索全局延迟 5.0秒 (跨平台延迟控制)...
10:26:38 | INFO     | 🔍 搜索结果 'Souvenir Glock-18 | Groundwater (Field-Tested)': Buff=¥27.98, 悠悠有品=¥31.50
10:26:46 | INFO     | 🔍 搜索结果 'Sticker | Ax1Le (Glitter) | Rio 2022': Buff=¥0.81, 悠悠有品=¥1.20
10:26:46 | INFO     | 🔄 增量搜索进度: 20/49
10:26:48 | INFO     | 🔍 开始搜索关键词: Sticker | arT | Rio 2022
10:26:48 | INFO     | 🔍 开始搜索关键词: Sticker | Xyp9x (Glitter) | Antwerp 2022
10:26:48 | INFO     | 悠悠有品搜索全局延迟 4.0秒 (跨平台延迟控制)...
10:26:48 | INFO     | 🔍 开始搜索关键词: Souvenir Sawed-Off | Brake Light (Factory New)
10:26:52 | INFO     | 悠悠有品搜索全局延迟 4.0秒 (跨平台延迟控制)...
10:26:56 | INFO     | Buff搜索全局延迟 5.0秒 (跨平台延迟控制)...
10:27:01 | INFO     | Buff搜索全局延迟 5.0秒 (跨平台延迟控制)...
10:27:01 | INFO     | 🔍 搜索结果 'Sticker | arT | Rio 2022': Buff=¥0.21, 悠悠有品=¥0.39
10:27:01 | INFO     | 🔍 开始搜索关键词: Sticker | broky (Glitter) | Antwerp 2022
10:27:06 | INFO     | Buff搜索全局延迟 5.0秒 (跨平台延迟控制)...
10:27:09 | INFO     | 🔍 搜索结果 'Sticker | Xyp9x (Glitter) | Antwerp 2022': Buff=¥0.21, 悠悠有品=¥0.36
10:27:09 | INFO     | 🔍 开始搜索关键词: M4A4 | Bullet Rain (Minimal Wear)
10:27:11 | INFO     | 悠悠有品搜索全局延迟 4.0秒 (跨平台延迟控制)...
10:27:13 | INFO     | 🔍 搜索结果 'Souvenir Sawed-Off | Brake Light (Factory New)': Buff=¥2.25, 悠悠有品=¥3.99
10:27:15 | INFO     | 悠悠有品搜索全局延迟 4.0秒 (跨平台延迟控制)...
10:27:16 | INFO     | 127.0.0.1 - - [13/Jun/2025 10:27:16] "GET /api/data HTTP/1.1" 200 -
10:27:16 | INFO     | 127.0.0.1 - - [13/Jun/2025 10:27:16] "GET /api/status HTTP/1.1" 200 -
10:27:16 | INFO     | 127.0.0.1 - - [13/Jun/2025 10:27:16] "GET /api/status HTTP/1.1" 200 -
10:27:17 | INFO     | 127.0.0.1 - - [13/Jun/2025 10:27:17] "GET /api/data HTTP/1.1" 200 -
10:27:19 | INFO     | Buff搜索全局延迟 5.0秒 (跨平台延迟控制)...
10:27:24 | INFO     | Buff搜索全局延迟 5.0秒 (跨平台延迟控制)...
10:27:27 | INFO     | 🔍 搜索结果 'Sticker | broky (Glitter) | Antwerp 2022': Buff=¥0.20, 悠悠有品=¥0.38
10:27:31 | INFO     | 🔍 搜索结果 'M4A4 | Bullet Rain (Minimal Wear)': Buff=¥215.40, 悠悠有品=¥218.00
10:27:31 | INFO     | 🔄 增量搜索进度: 25/49
10:27:33 | INFO     | 🔍 开始搜索关键词: AWP | Asiimov (Field-Tested)
10:27:33 | INFO     | 悠悠有品搜索全局延迟 0.4秒 (跨平台延迟控制)...
10:27:33 | INFO     | 🔍 开始搜索关键词: Sticker | zorte (Glitter) | Antwerp 2022
10:27:33 | INFO     | 🔍 开始搜索关键词: Souvenir P90 | Sand Spray (Field-Tested)
10:27:33 | INFO     | 悠悠有品搜索全局延迟 4.0秒 (跨平台延迟控制)...
10:27:36 | INFO     | 127.0.0.1 - - [13/Jun/2025 10:27:36] "GET /api/data HTTP/1.1" 200 -
10:27:36 | INFO     | 127.0.0.1 - - [13/Jun/2025 10:27:36] "GET /api/status HTTP/1.1" 200 -
10:27:36 | INFO     | 127.0.0.1 - - [13/Jun/2025 10:27:36] "GET /api/status HTTP/1.1" 200 -
10:27:36 | INFO     | 127.0.0.1 - - [13/Jun/2025 10:27:36] "GET /api/data HTTP/1.1" 200 -
10:27:37 | INFO     | 悠悠有品搜索全局延迟 4.0秒 (跨平台延迟控制)...
10:27:41 | INFO     | Buff搜索全局延迟 5.0秒 (跨平台延迟控制)...
10:27:46 | INFO     | Buff搜索全局延迟 5.0秒 (跨平台延迟控制)...
10:27:46 | INFO     | 🔍 搜索结果 'AWP | Asiimov (Field-Tested)': Buff=¥995.00, 悠悠有品=¥1006.99
10:27:46 | INFO     | 🔍 开始搜索关键词: Souvenir AK-47 | Safari Mesh (Field-Tested)
10:27:51 | INFO     | Buff搜索全局延迟 5.0秒 (跨平台延迟控制)...
10:27:51 | INFO     | 🔍 搜索结果 'Sticker | zorte (Glitter) | Antwerp 2022': Buff=¥0.06, 悠悠有品=¥0.17
10:27:51 | INFO     | 🔍 开始搜索关键词: Souvenir MAG-7 | Silver (Factory New)
10:27:56 | INFO     | 悠悠有品搜索全局延迟 4.0秒 (跨平台延迟控制)...
10:27:56 | INFO     | 🔍 搜索结果 'Souvenir P90 | Sand Spray (Field-Tested)': Buff=¥0.75, 悠悠有品=¥1.10
10:28:00 | INFO     | 悠悠有品搜索全局延迟 4.0秒 (跨平台延迟控制)...
10:28:04 | INFO     | Buff搜索全局延迟 5.0秒 (跨平台延迟控制)...
10:28:06 | INFO     | 127.0.0.1 - - [13/Jun/2025 10:28:06] "GET /api/data HTTP/1.1" 200 -
10:28:06 | INFO     | 127.0.0.1 - - [13/Jun/2025 10:28:06] "GET /api/status HTTP/1.1" 200 -
10:28:06 | INFO     | 127.0.0.1 - - [13/Jun/2025 10:28:06] "GET /api/status HTTP/1.1" 200 -
10:28:06 | INFO     | 127.0.0.1 - - [13/Jun/2025 10:28:06] "GET /api/data HTTP/1.1" 200 -
10:28:09 | INFO     | Buff搜索全局延迟 5.0秒 (跨平台延迟控制)...
10:28:11 | INFO     | 🔍 搜索结果 'Souvenir AK-47 | Safari Mesh (Field-Tested)': Buff=¥78.87, 悠悠有品=¥83.90
10:28:14 | INFO     | 🔍 搜索结果 'Souvenir MAG-7 | Silver (Factory New)': Buff=¥93.31, 悠悠有品=¥96.60
10:28:14 | INFO     | 🔄 增量搜索进度: 30/49
10:28:16 | INFO     | 🔍 开始搜索关键词: Souvenir Five-SeveN | Contractor (Minimal Wear)
10:28:16 | INFO     | 悠悠有品搜索全局延迟 1.9秒 (跨平台延迟控制)...
10:28:16 | INFO     | 🔍 开始搜索关键词: Glock-18 | Neo-Noir (Minimal Wear)
10:28:16 | INFO     | 🔍 开始搜索关键词: Sticker | TeSeS (Glitter) | Antwerp 2022
10:28:18 | INFO     | 悠悠有品搜索全局延迟 4.0秒 (跨平台延迟控制)...
10:28:22 | INFO     | 悠悠有品搜索全局延迟 4.0秒 (跨平台延迟控制)...
10:28:26 | INFO     | Buff搜索全局延迟 5.0秒 (跨平台延迟控制)...
10:28:31 | INFO     | Buff搜索全局延迟 5.0秒 (跨平台延迟控制)...
10:28:31 | INFO     | 🔍 搜索结果 'Souvenir Five-SeveN | Contractor (Minimal Wear)': Buff=¥8.59, 悠悠有品=¥11.99
10:28:31 | INFO     | 🔍 开始搜索关键词: StatTrak™ Desert Eagle | Crimson Web (Field-Tested)
10:28:36 | INFO     | Buff搜索全局延迟 5.0秒 (跨平台延迟控制)...
10:28:36 | INFO     | 🔍 搜索结果 'Glock-18 | Neo-Noir (Minimal Wear)': Buff=¥164.90, 悠悠有品=¥171.88
10:28:36 | INFO     | 🔍 开始搜索关键词: Sticker | boltz | Rio 2022
10:28:41 | INFO     | 悠悠有品搜索全局延迟 4.0秒 (跨平台延迟控制)...
10:28:44 | INFO     | 🔍 搜索结果 'Sticker | TeSeS (Glitter) | Antwerp 2022': Buff=¥0.34, 悠悠有品=¥0.50
10:28:45 | INFO     | 悠悠有品搜索全局延迟 4.0秒 (跨平台延迟控制)...
10:28:49 | INFO     | Buff搜索全局延迟 5.0秒 (跨平台延迟控制)...
10:28:50 | INFO     | 127.0.0.1 - - [13/Jun/2025 10:28:50] "GET /api/data HTTP/1.1" 200 -
10:28:50 | INFO     | 127.0.0.1 - - [13/Jun/2025 10:28:50] "GET /api/status HTTP/1.1" 200 -
10:28:50 | INFO     | 127.0.0.1 - - [13/Jun/2025 10:28:50] "GET /api/status HTTP/1.1" 200 -
10:28:50 | INFO     | 127.0.0.1 - - [13/Jun/2025 10:28:50] "GET /api/data HTTP/1.1" 200 -
10:28:54 | INFO     | Buff搜索全局延迟 5.0秒 (跨平台延迟控制)...
10:28:56 | INFO     | 🔍 搜索结果 'StatTrak™ Desert Eagle | Crimson Web (Field-Tested)': Buff=¥137.90, 悠悠有品=¥149.50
10:28:59 | INFO     | 🔍 搜索结果 'Sticker | boltz | Rio 2022': Buff=¥0.81, 悠悠有品=¥1.25
10:28:59 | INFO     | 🔄 增量搜索进度: 35/49
10:29:01 | INFO     | 🔍 开始搜索关键词: Sticker | Gambit Gaming (Gold) | Stockholm 2021
10:29:01 | INFO     | 悠悠有品搜索全局延迟 1.8秒 (跨平台延迟控制)...
10:29:01 | INFO     | 🔍 开始搜索关键词: Sticker | Boombl4 | Berlin 2019
10:29:01 | INFO     | 🔍 开始搜索关键词: Souvenir MAC-10 | Case Hardened (Field-Tested)
10:29:03 | INFO     | 悠悠有品搜索全局延迟 4.0秒 (跨平台延迟控制)...
10:29:07 | INFO     | 悠悠有品搜索全局延迟 4.0秒 (跨平台延迟控制)...
10:29:11 | INFO     | Buff搜索全局延迟 5.0秒 (跨平台延迟控制)...
10:29:16 | INFO     | Buff搜索全局延迟 5.0秒 (跨平台延迟控制)...
10:29:19 | INFO     | 🔍 搜索结果 'Sticker | Gambit Gaming (Gold) | Stockholm 2021': Buff=¥27.73, 悠悠有品=¥26.60
10:29:19 | INFO     | 🔍 开始搜索关键词: Sticker | max (Glitter) | Antwerp 2022
10:29:21 | INFO     | Buff搜索全局延迟 5.0秒 (跨平台延迟控制)...
10:29:24 | INFO     | 🔍 搜索结果 'Sticker | Boombl4 | Berlin 2019': Buff=¥0.60, 悠悠有品=¥0.83
10:29:24 | INFO     | 🔍 开始搜索关键词: Souvenir P250 | Gunsmoke (Minimal Wear)
10:29:26 | INFO     | 悠悠有品搜索全局延迟 4.0秒 (跨平台延迟控制)...
10:29:28 | INFO     | 🔍 搜索结果 'Souvenir MAC-10 | Case Hardened (Field-Tested)': Buff=¥54.00, 悠悠有品=¥55.43
10:29:30 | INFO     | 悠悠有品搜索全局延迟 4.0秒 (跨平台延迟控制)...
10:29:34 | INFO     | Buff搜索全局延迟 5.0秒 (跨平台延迟控制)...
10:29:39 | INFO     | Buff搜索全局延迟 5.0秒 (跨平台延迟控制)...
10:29:39 | INFO     | 🔍 搜索结果 'Sticker | max (Glitter) | Antwerp 2022': Buff=¥2.18, 悠悠有品=¥2.88
10:29:44 | INFO     | 🔍 搜索结果 'Souvenir P250 | Gunsmoke (Minimal Wear)': Buff=¥32.99, 悠悠有品=¥36.68
10:29:44 | INFO     | 🔄 增量搜索进度: 40/49
10:29:46 | INFO     | 🔍 开始搜索关键词: Sticker | sh1ro (Glitter) | Antwerp 2022
10:29:46 | INFO     | 悠悠有品搜索全局延迟 1.9秒 (跨平台延迟控制)...
10:29:46 | INFO     | 🔍 开始搜索关键词: StatTrak™ AWP | Atheris (Minimal Wear)
10:29:46 | INFO     | 🔍 开始搜索关键词: StatTrak™ P250 | Verdigris (Battle-Scarred)
10:29:48 | INFO     | 悠悠有品搜索全局延迟 4.0秒 (跨平台延迟控制)...
10:29:50 | INFO     | 127.0.0.1 - - [13/Jun/2025 10:29:50] "GET /api/data HTTP/1.1" 200 -
10:29:50 | INFO     | 127.0.0.1 - - [13/Jun/2025 10:29:50] "GET /api/status HTTP/1.1" 200 -
10:29:50 | INFO     | 127.0.0.1 - - [13/Jun/2025 10:29:50] "GET /api/status HTTP/1.1" 200 -
10:29:50 | INFO     | 127.0.0.1 - - [13/Jun/2025 10:29:50] "GET /api/data HTTP/1.1" 200 -
10:29:52 | INFO     | 悠悠有品搜索全局延迟 4.0秒 (跨平台延迟控制)...
10:29:56 | INFO     | Buff搜索全局延迟 5.0秒 (跨平台延迟控制)...
10:30:01 | INFO     | Buff搜索全局延迟 5.0秒 (跨平台延迟控制)...
10:30:01 | INFO     | 🔍 搜索结果 'Sticker | sh1ro (Glitter) | Antwerp 2022': Buff=¥0.99, 悠悠有品=¥1.46
10:30:01 | INFO     | 🔍 开始搜索关键词: Sticker | Aleksib | Berlin 2019
10:30:06 | INFO     | Buff搜索全局延迟 5.0秒 (跨平台延迟控制)...
10:30:08 | INFO     | 🔍 搜索结果 'StatTrak™ AWP | Atheris (Minimal Wear)': Buff=¥117.48, 悠悠有品=¥117.00
10:30:08 | INFO     | 🔍 开始搜索关键词: Sticker | Stay Frosty
10:30:11 | INFO     | 悠悠有品搜索全局延迟 4.0秒 (跨平台延迟控制)...
10:30:11 | INFO     | 🔍 搜索结果 'StatTrak™ P250 | Verdigris (Battle-Scarred)': Buff=¥3.40, 悠悠有品=¥4.42
10:30:15 | INFO     | 悠悠有品搜索全局延迟 4.0秒 (跨平台延迟控制)...
10:30:19 | INFO     | Buff搜索全局延迟 5.0秒 (跨平台延迟控制)...
10:30:24 | INFO     | Buff搜索全局延迟 5.0秒 (跨平台延迟控制)...
10:30:24 | INFO     | 🔍 搜索结果 'Sticker | Aleksib | Berlin 2019': Buff=¥0.78, 悠悠有品=¥1.03
10:30:31 | INFO     | 🔍 搜索结果 'Sticker | Stay Frosty': Buff=¥4.71, 悠悠有品=¥5.62
10:30:31 | INFO     | 🔄 增量搜索进度: 45/49
10:30:33 | INFO     | 🔍 开始搜索关键词: Souvenir USP-S | Royal Blue (Field-Tested)
10:30:33 | INFO     | 悠悠有品搜索全局延迟 0.4秒 (跨平台延迟控制)...
10:30:33 | INFO     | 🔍 开始搜索关键词: Sticker | sjuush (Holo) | Stockholm 2021
10:30:33 | INFO     | 🔍 开始搜索关键词: Souvenir Five-SeveN | Contractor (Field-Tested)
10:30:33 | INFO     | 悠悠有品搜索全局延迟 4.0秒 (跨平台延迟控制)...
10:30:37 | INFO     | 悠悠有品搜索全局延迟 4.0秒 (跨平台延迟控制)...
10:30:41 | INFO     | Buff搜索全局延迟 5.0秒 (跨平台延迟控制)...
10:30:46 | INFO     | Buff搜索全局延迟 5.0秒 (跨平台延迟控制)...
10:30:47 | INFO     | 🔍 搜索结果 'Souvenir USP-S | Royal Blue (Field-Tested)': Buff=¥93.28, 悠悠有品=¥99.00
10:30:47 | INFO     | 🔍 开始搜索关键词: Sticker | Twistzz (Glitter) | Antwerp 2022
10:30:50 | INFO     | 127.0.0.1 - - [13/Jun/2025 10:30:50] "GET /api/data HTTP/1.1" 200 -
10:30:50 | INFO     | 127.0.0.1 - - [13/Jun/2025 10:30:50] "GET /api/status HTTP/1.1" 200 -
10:30:50 | INFO     | 127.0.0.1 - - [13/Jun/2025 10:30:50] "GET /api/status HTTP/1.1" 200 -
10:30:50 | INFO     | 127.0.0.1 - - [13/Jun/2025 10:30:50] "GET /api/data HTTP/1.1" 200 -
10:30:51 | INFO     | Buff搜索全局延迟 5.0秒 (跨平台延迟控制)...
10:30:54 | INFO     | 🔍 搜索结果 'Sticker | sjuush (Holo) | Stockholm 2021': Buff=¥1.31, 悠悠有品=¥1.55
10:30:56 | INFO     | 悠悠有品搜索全局延迟 4.0秒 (跨平台延迟控制)...
10:30:56 | INFO     | 🔍 搜索结果 'Souvenir Five-SeveN | Contractor (Field-Tested)': Buff=¥2.30, 悠悠有品=¥3.08
10:31:01 | INFO     | Buff搜索全局延迟 4.8秒 (跨平台延迟控制)...
10:31:06 | INFO     | 🔍 搜索结果 'Sticker | Twistzz (Glitter) | Antwerp 2022': Buff=¥0.69, 悠悠有品=¥0.97
10:31:06 | INFO     | 🔄 增量搜索进度: 49/49
10:31:08 | INFO     | 📊 增量搜索完成: 获取到 49 个Buff商品, 49 个悠悠有品商品
10:31:10 | INFO     | 🔍 准备更新Buff数据: 49 个搜索结果
10:31:10 | INFO     | 🔍 ID匹配统计: 检查了 24572 个全量商品, 匹配到 51 个
10:31:18 | INFO     | 📁 Buff数据文件已更新: 51 个商品
10:31:19 | INFO     | 🔍 准备更新悠悠有品数据: 49 个搜索结果
10:31:19 | INFO     | 🔍 悠悠有品匹配统计: 检查了 24186 个全量商品, 匹配到 57 个
10:31:22 | INFO     | 📁 悠悠有品数据文件已更新: 57 个商品
10:31:23 | INFO     | 📁 全量数据文件更新完成: 108 个商品已更新
10:31:23 | INFO     | 📂 找到新版全量数据文件: buff_full.json, youpin_full.json
10:31:23 | INFO     | 🔄 基于更新后的全量数据重新分析价差...
10:31:23 | INFO     | 🔄 开始从已保存数据重新筛选...
10:31:23 | INFO     | 📂 找到新版全量数据文件: buff_full.json, youpin_full.json
10:31:24 | INFO     | ✅ 加载数据文件: buff_full.json (24572个商品)
10:31:25 | INFO     | ✅ 加载数据文件: youpin_full.json (24186个商品)
10:31:25 | INFO     | 📊 加载数据: Buff 24572个, 悠悠有品 24186个
10:31:25 | INFO     | 📈 建立映射表: Hash映射22582个, 名称映射22579个
10:31:25 | INFO     | 🔥 开始第一步筛选：价格区间 0.0-1000.0元
10:31:25 | INFO     |    第一步完成：3794个商品被价格筛选过滤，剩余20695个
10:31:25 | INFO     | 🔥 开始第二步筛选：在售数量 ≥200个
10:31:25 | INFO     |    第二步完成：16194个商品被在售数量筛选过滤，剩余4501个
10:31:25 | INFO     | 🚀 性能优化：预建规范化映射表...
10:31:25 | INFO     | ✅ 映射表建立完成：22582个规范化键
10:31:25 | INFO     | 🔥 开始匹配阶段：处理4501个通过筛选的商品
10:31:25 | INFO     |    匹配进度: 1000/4501 (90926个/秒)
10:31:25 | INFO     |    匹配进度: 2000/4501 (86971个/秒)
10:31:25 | INFO     |    匹配进度: 3000/4501 (83344个/秒)
10:31:25 | INFO     |    匹配进度: 4000/4501 (85111个/秒)
10:31:25 | INFO     | ✅ 匹配阶段完成：耗时 0.05秒，处理速度 88262个/秒
10:31:25 | INFO     | 📊 筛选统计:
10:31:25 | INFO     |    处理商品: 24572个
10:31:25 | INFO     |    🔥 第一步-价格筛选: 过滤3794个 → 剩余20695个
10:31:25 | INFO     |    🔥 第二步-在售数量筛选: 过滤16194个 → 剩余4501个
10:31:25 | INFO     |    找到匹配: 3871个 (匹配率:86.0%)
10:31:25 | INFO     |    🎯 匹配类型分布:
10:31:25 | INFO     |       精确匹配: 3871个
10:31:25 | INFO     |       规范化匹配: 0个
10:31:25 | INFO     |       武器名称匹配: 0个
10:31:25 | INFO     |       模糊匹配: 0个
10:31:25 | INFO     |       未匹配: 630个
10:31:25 | INFO     |    符合价差条件: 603个
10:31:25 | INFO     | ✅ 重新筛选完成: 符合条件的商品 603个
10:31:25 | INFO     | HashName缓存已保存: 550个（含利润率信息）
10:31:25 | INFO     | HashName缓存已更新: 550个关键词
10:31:25 | INFO     |    📈 利润率范围: 3.13% ~ 22162.16%
10:31:25 | INFO     |    📊 平均利润率: 813.23%
10:31:25 | INFO     | 🎯 增量更新完成: 分析出 603 个符合条件的商品
10:31:25 | INFO     | ✅ 完成分析: incremental_update (ID: incremental_update_1749781427), 耗时: 458.4秒
10:31:25 | INFO     | ✅ 增量更新完成: 基于最新数据分析出 603 个符合条件的商品
10:31:28 | INFO     | 127.0.0.1 - - [13/Jun/2025 10:31:28] "GET /api/data HTTP/1.1" 200 -
10:31:28 | INFO     | 127.0.0.1 - - [13/Jun/2025 10:31:28] "GET /api/status HTTP/1.1" 200 -
10:31:28 | INFO     | 127.0.0.1 - - [13/Jun/2025 10:31:28] "GET /api/status HTTP/1.1" 200 -
10:31:28 | INFO     | 127.0.0.1 - - [13/Jun/2025 10:31:28] "GET /api/data HTTP/1.1" 200 -
10:31:32 | INFO     | 127.0.0.1 - - [13/Jun/2025 10:31:32] "GET /api/data HTTP/1.1" 200 -
10:31:36 | INFO     | 127.0.0.1 - - [13/Jun/2025 10:31:36] "GET /api/data HTTP/1.1" 200 -
10:31:36 | INFO     | 127.0.0.1 - - [13/Jun/2025 10:31:36] "GET /api/status HTTP/1.1" 200 -
10:31:36 | INFO     | 127.0.0.1 - - [13/Jun/2025 10:31:36] "GET /api/status HTTP/1.1" 200 -
10:31:36 | INFO     | 127.0.0.1 - - [13/Jun/2025 10:31:36] "GET /api/data HTTP/1.1" 200 -
10:31:39 | INFO     | 127.0.0.1 - - [13/Jun/2025 10:31:39] "GET /api/settings HTTP/1.1" 200 -
10:31:39 | INFO     | 127.0.0.1 - - [13/Jun/2025 10:31:39] "GET /api/price_range HTTP/1.1" 200 -
10:31:39 | INFO     | 127.0.0.1 - - [13/Jun/2025 10:31:39] "GET /api/buff_price_range HTTP/1.1" 200 -
10:31:39 | INFO     | 127.0.0.1 - - [13/Jun/2025 10:31:39] "GET /api/buff_sell_num HTTP/1.1" 200 -
10:31:41 | INFO     | 🔄 强制执行全量更新
10:31:41 | INFO     | 🚀 启动分析: full_update (ID: full_update_1749781901)
10:31:41 | INFO     | 127.0.0.1 - - [13/Jun/2025 10:31:41] "POST /api/force_update HTTP/1.1" 200 -
10:31:41 | ERROR    | 加载TokenManager配置失败: list index out of range
10:31:41 | ERROR    | 加载TokenManager配置失败: list index out of range
10:31:41 | INFO     | 开始安全获取Buff商品，最大2000页...
10:31:41 | INFO     | 开始安全获取悠悠有品商品，最大2000页...
10:31:41 | INFO     | 请求状态: 200, URL: https://buff.163.com/api/market/goods
10:31:41 | INFO     | 悠悠有品第1页响应状态: 200
10:31:41 | INFO     | ✅ 成功获取 80 个商品
10:31:41 | INFO     | 第一页成功: 80个商品，总页数: 307
10:31:41 | INFO     | 计划获取前307页数据
10:31:41 | INFO     | 正在获取第2/307页...
10:31:41 | INFO     | 🔄 Buff API延迟等待: 7.64秒 (配置: 8.0秒)
10:31:41 | INFO     | ✅ 悠悠有品第1页成功: 100个商品 (累计: 100)
10:31:43 | INFO     | 127.0.0.1 - - [13/Jun/2025 10:31:43] "GET /api/data HTTP/1.1" 200 -
10:31:47 | INFO     | 悠悠有品第2页响应状态: 200
10:31:47 | INFO     | ✅ 悠悠有品第2页成功: 100个商品 (累计: 200)
10:31:49 | INFO     | 请求状态: 200, URL: https://buff.163.com/api/market/goods
10:31:49 | INFO     | ✅ 成功获取 80 个商品
10:31:49 | INFO     | ✅ 第2页成功: 80个商品
10:31:49 | INFO     | 正在获取第3/307页...
10:31:49 | INFO     | 🔄 Buff API延迟等待: 7.81秒 (配置: 8.0秒)
10:31:53 | INFO     | 悠悠有品第3页响应状态: 200
10:31:53 | INFO     | ✅ 悠悠有品第3页成功: 100个商品 (累计: 300)
10:31:57 | INFO     | 请求状态: 200, URL: https://buff.163.com/api/market/goods
10:31:57 | INFO     | ✅ 成功获取 80 个商品
10:31:57 | INFO     | ✅ 第3页成功: 80个商品
10:31:57 | INFO     | 正在获取第4/307页...
10:31:57 | INFO     | 🔄 Buff API延迟等待: 7.78秒 (配置: 8.0秒)
10:31:59 | INFO     | 悠悠有品第4页响应状态: 200
10:31:59 | INFO     | ✅ 悠悠有品第4页成功: 100个商品 (累计: 400)
10:32:05 | INFO     | 悠悠有品第5页响应状态: 200
10:32:05 | INFO     | 请求状态: 200, URL: https://buff.163.com/api/market/goods
10:32:05 | INFO     | ✅ 悠悠有品第5页成功: 100个商品 (累计: 500)
10:32:05 | INFO     | ✅ 成功获取 80 个商品
10:32:05 | INFO     | ✅ 第4页成功: 80个商品
10:32:05 | INFO     | 正在获取第5/307页...
10:32:05 | INFO     | 🔄 Buff API延迟等待: 7.77秒 (配置: 8.0秒)
10:32:06 | INFO     | 127.0.0.1 - - [13/Jun/2025 10:32:06] "GET /api/data HTTP/1.1" 200 -
10:32:06 | INFO     | 127.0.0.1 - - [13/Jun/2025 10:32:06] "GET /api/status HTTP/1.1" 200 -
10:32:06 | INFO     | 127.0.0.1 - - [13/Jun/2025 10:32:06] "GET /api/status HTTP/1.1" 200 -
10:32:06 | INFO     | 127.0.0.1 - - [13/Jun/2025 10:32:06] "GET /api/data HTTP/1.1" 200 -
10:32:11 | INFO     | 悠悠有品第6页响应状态: 200
10:32:11 | INFO     | ✅ 悠悠有品第6页成功: 100个商品 (累计: 600)
10:32:13 | INFO     | 请求状态: 200, URL: https://buff.163.com/api/market/goods
10:32:13 | INFO     | ✅ 成功获取 80 个商品
10:32:13 | INFO     | ✅ 第5页成功: 80个商品
10:32:13 | INFO     | 正在获取第6/307页...
10:32:13 | INFO     | 🔄 Buff API延迟等待: 7.80秒 (配置: 8.0秒)
10:32:17 | INFO     | 悠悠有品第7页响应状态: 200
10:32:17 | INFO     | ✅ 悠悠有品第7页成功: 100个商品 (累计: 700)
10:32:21 | INFO     | 请求状态: 200, URL: https://buff.163.com/api/market/goods
10:32:21 | INFO     | ✅ 成功获取 80 个商品
10:32:21 | INFO     | ✅ 第6页成功: 80个商品
10:32:21 | INFO     | 正在获取第7/307页...
10:32:21 | INFO     | 🔄 Buff API延迟等待: 7.83秒 (配置: 8.0秒)
10:32:23 | INFO     | 悠悠有品第8页响应状态: 200
10:32:23 | INFO     | ✅ 悠悠有品第8页成功: 100个商品 (累计: 800)
10:32:29 | INFO     | 请求状态: 200, URL: https://buff.163.com/api/market/goods
10:32:29 | INFO     | ✅ 成功获取 80 个商品
10:32:29 | INFO     | ✅ 第7页成功: 80个商品
10:32:29 | INFO     | 正在获取第8/307页...
10:32:29 | INFO     | 🔄 Buff API延迟等待: 7.84秒 (配置: 8.0秒)
10:32:29 | INFO     | 悠悠有品第9页响应状态: 200
10:32:29 | INFO     | ✅ 悠悠有品第9页成功: 100个商品 (累计: 900)
10:32:35 | INFO     | 悠悠有品第10页响应状态: 200
10:32:35 | INFO     | ✅ 悠悠有品第10页成功: 100个商品 (累计: 1000)
10:32:36 | INFO     | 127.0.0.1 - - [13/Jun/2025 10:32:36] "GET /api/data HTTP/1.1" 200 -
10:32:36 | INFO     | 127.0.0.1 - - [13/Jun/2025 10:32:36] "GET /api/status HTTP/1.1" 200 -
10:32:36 | INFO     | 127.0.0.1 - - [13/Jun/2025 10:32:36] "GET /api/status HTTP/1.1" 200 -
10:32:37 | INFO     | 请求状态: 200, URL: https://buff.163.com/api/market/goods
10:32:37 | INFO     | ✅ 成功获取 80 个商品
10:32:37 | INFO     | ✅ 第8页成功: 80个商品
10:32:37 | INFO     | 正在获取第9/307页...
10:32:37 | INFO     | 🔄 Buff API延迟等待: 7.84秒 (配置: 8.0秒)
